#
# A fatal error has been detected by the Java Runtime Environment:
#
#  EXCEPTION_ACCESS_VIOLATION (0xc0000005) at pc=0x00007ffaa2a276e3, pid=12052, tid=1184
#
# JRE version: OpenJDK Runtime Environment AdoptOpenJDK (11.0.10+9) (build 11.0.10+9)
# Java VM: OpenJDK 64-Bit Server VM AdoptOpenJDK (11.0.10+9, mixed mode, tiered, compressed oops, g1 gc, windows-amd64)
# Problematic frame:
# C  [nvoglv64.dll+0x7d76e3]
#
# No core dump will be written. Minidumps are not enabled by default on client versions of Windows
#
# If you would like to submit a bug report, please visit:
#   https://github.com/AdoptOpenJDK/openjdk-support/issues
# The crash happened outside the Java Virtual Machine in native code.
# See problematic frame for where to report the bug.
#

---------------  S U M M A R Y ------------

Command Line: -agentlib:jdwp=transport=dt_socket,server=n,suspend=y,address=localhost:8292 -Dfile.encoding=UTF-8 com.yellow.game.Main

Host: AMD Ryzen 5 3600 6-Core Processor              , 12 cores, 15G,  Windows 10 , 64 bit Build 19041 (10.0.19041.1023)
Time: Sat Jul 24 13:24:30 2021 ora legale Europa occidentale elapsed time: 1.472750 seconds (0d 0h 0m 1s)

---------------  T H R E A D  ---------------

Current thread (0x0000015222efd000):  JavaThread "Yellow Game Engine" [_thread_in_native, id=1184, stack(0x00000044fb000000,0x00000044fb100000)]

Stack: [0x00000044fb000000,0x00000044fb100000],  sp=0x00000044fb0ff000,  free space=1020k
Native frames: (J=compiled Java code, j=interpreted, Vv=VM code, C=native code)
C  [nvoglv64.dll+0x7d76e3]

Java frames: (J=compiled Java code, j=interpreted, Vv=VM code)
j  org.lwjgl.opengl.GL11C.nglDrawElements(IIIJ)V+0
j  org.lwjgl.opengl.GL11C.glDrawElements(IIIJ)V+4
j  org.lwjgl.opengl.GL11.glDrawElements(IIIJ)V+4
j  com.yellow.engine.rendering.Mesh.draw()V+33
j  com.yellow.engine.world.GameObject.draw()V+4
j  com.yellow.engine.rendering.Renderer.draw(Lcom/yellow/engine/windows/Window;)V+123
j  com.yellow.game.TestGame.draw(Lcom/yellow/engine/windows/Window;)V+5
j  com.yellow.engine.Engine.draw()V+15
j  com.yellow.engine.Engine.loop()V+51
j  com.yellow.engine.Engine.run()V+13
j  com.yellow.game.Main.main([Ljava/lang/String;)V+33
v  ~StubRoutines::call_stub

siginfo: EXCEPTION_ACCESS_VIOLATION (0xc0000005), reading address 0x0000000000000000


Register to memory mapping:

RIP=0x00007ffaa2a276e3 nvoglv64.dll
RAX=0x0 is NULL
RBX=0x0 is NULL
RCX=0x00000000fffffffc is an unknown value
RDX=0x000001524fec6a80 points into unknown readable memory: 0x0000000000000000 | 00 00 00 00 00 00 00 00
RSP=0x00000044fb0ff000 is pointing into the stack for thread: 0x0000015222efd000
RBP=0x00000000000000bc is an unknown value
RSI=0x0000000000000024 is an unknown value
RDI=0x000001524b577080 points into unknown readable memory: 0x0000000000000000 | 00 00 00 00 00 00 00 00
R8 =0x0000000000000004 is an unknown value
R9 =0x000001524fec6a5c points into unknown readable memory: 06 e0 05 00
R10=0x0000000000000090 is an unknown value
R11=0x000001524fec6a74 points into unknown readable memory: 00 00 00 00
R12=0x000001524fec6a80 points into unknown readable memory: 0x0000000000000000 | 00 00 00 00 00 00 00 00
R13=0x0000000000001405 is an unknown value
R14=0x0 is NULL
R15=0x0000000000000004 is an unknown value


Registers:
RAX=0x0000000000000000, RBX=0x0000000000000000, RCX=0x00000000fffffffc, RDX=0x000001524fec6a80
RSP=0x00000044fb0ff000, RBP=0x00000000000000bc, RSI=0x0000000000000024, RDI=0x000001524b577080
R8 =0x0000000000000004, R9 =0x000001524fec6a5c, R10=0x0000000000000090, R11=0x000001524fec6a74
R12=0x000001524fec6a80, R13=0x0000000000001405, R14=0x0000000000000000, R15=0x0000000000000004
RIP=0x00007ffaa2a276e3, EFLAGS=0x0000000000010297

Top of Stack: (sp=0x00000044fb0ff000)
0x00000044fb0ff000:   00000044fb0ff8c0 00007ffaa5be87f3
0x00000044fb0ff010:   00000044fb0ff030 0000015222efd000
0x00000044fb0ff020:   000000070f31caa0 000001522d81fd73
0x00000044fb0ff030:   00000152511ed750 0000015222efd000
0x00000044fb0ff040:   000001522d7cccfd 000000070f31caa0
0x00000044fb0ff050:   0000000000000000 0000000000000000
0x00000044fb0ff060:   00000044fb0ff160 00000152511ed750
0x00000044fb0ff070:   0000000000000000 000001522d7cccfd
0x00000044fb0ff080:   000000070f31caa0 000001522d7d60c2
0x00000044fb0ff090:   00000044fb0ff120 00007ffa00000090
0x00000044fb0ff0a0:   0000015222efd000 00000152511ed750
0x00000044fb0ff0b0:   0000015200001405 0000000000000000
0x00000044fb0ff0c0:   00000044fb0ff120 000000070f31caa0
0x00000044fb0ff0d0:   000001522d7d5996 00000044fb0ff0d8
0x00000044fb0ff0e0:   00000152511ed750 00000044fb0ff160
0x00000044fb0ff0f0:   0000015251208708 0000000000000000 

Instructions: (pc=0x00007ffaa2a276e3)
0x00007ffaa2a275e3:   27 3a 00 48 8b ac 24 90 00 00 00 4c 8b bc 24 a0
0x00007ffaa2a275f3:   00 00 00 48 8b 9c 24 a8 00 00 00 48 83 c4 60 41
0x00007ffaa2a27603:   5e 41 5d 41 5c 5f 5e c3 4c 8b 4f 40 8b c3 48 8b
0x00007ffaa2a27613:   4f 50 49 2b c9 48 c1 f9 02 85 c9 0f 49 c1 c1 e0
0x00007ffaa2a27623:   02 3b e8 72 16 8b d5 48 8b cf e8 5e f1 20 00 4c
0x00007ffaa2a27633:   8b 4f 40 44 8b 94 24 98 00 00 00 8b c5 45 89 61
0x00007ffaa2a27643:   04 c1 e0 0b 83 c8 06 41 89 71 08 41 89 01 45 89
0x00007ffaa2a27653:   69 0c 4d 89 71 10 45 84 ff 0f 84 07 01 00 00 4c
0x00007ffaa2a27663:   8b 5f 40 41 8d 4e 0f 83 e1 f0 49 83 c3 18 41 2b
0x00007ffaa2a27673:   ce 0f 57 db d1 f9 49 8b c6 44 8b c6 66 0f 7f 5c
0x00007ffaa2a27683:   24 50 49 8d 53 04 03 ca 49 8d 53 04 f7 d9 83 e1
0x00007ffaa2a27693:   0f 48 03 d1 4c 8b e2 41 f6 c6 0f 74 1b 45 85 c0
0x00007ffaa2a276a3:   74 16 8b 08 41 ff c8 66 89 0a 0b d9 48 83 c2 02
0x00007ffaa2a276b3:   48 83 c0 04 a8 0f 75 e5 41 83 f8 08 7e 66 66 0f
0x00007ffaa2a276c3:   6f 25 d7 d5 65 01 41 8d 48 f7 66 0f 6f 2d db d5
0x00007ffaa2a276d3:   65 01 c1 e9 03 ff c1 44 8b f9 f7 d9 45 8d 04 c8
0x00007ffaa2a276e3:   f3 0f 6f 10 f3 0f 6f 48 10 66 0f 6f c2 66 0f eb
0x00007ffaa2a276f3:   c3 48 83 c0 20 66 0f 6f d8 66 0f eb d9 0f 18 00
0x00007ffaa2a27703:   66 0f fe d4 66 0f fe cc 66 0f 6b d1 66 0f fd d5
0x00007ffaa2a27713:   f3 0f 7f 12 48 83 c2 10 49 83 ef 01 75 c2 66 0f
0x00007ffaa2a27723:   7f 5c 24 50 8b 4c 24 5c 0b 4c 24 58 0b 4c 24 54
0x00007ffaa2a27733:   0b 4c 24 50 0b d9 45 85 c0 74 17 66 90 8b 08 0b
0x00007ffaa2a27743:   d9 66 89 0a 48 8d 52 02 48 8d 40 04 41 83 e8 01
0x00007ffaa2a27753:   75 eb 45 2b e3 45 89 23 f7 c3 00 00 ff ff 74 46
0x00007ffaa2a27763:   ff 87 6c f0 55 00 48 8b 5f 40 49 8b d6 4d 63 c2
0x00007ffaa2a27773:   48 8d 4b 1c e8 a4 6b 96 00 c7 43 18 04 00 00 00
0x00007ffaa2a27783:   48 63 c5 48 83 e0 fc 48 01 47 40 48 8b 47 40 48
0x00007ffaa2a27793:   3b 47 48 0f 82 4a fe ff ff 48 8b cf e8 2c ec 20
0x00007ffaa2a277a3:   00 e9 3d fe ff ff 41 c7 41 0c 03 14 00 00 41 8b
0x00007ffaa2a277b3:   2b 48 8b 47 40 83 c5 03 8d 6c 75 00 83 e5 fc 83
0x00007ffaa2a277c3:   c5 18 8b cd c1 e1 0b 83 c9 06 89 08 8b 87 6c f0
0x00007ffaa2a277d3:   55 00 85 c0 74 aa ff c8 89 87 6c f0 55 00 eb a0 


Stack slot to memory mapping:
stack at sp + 0 slots: 0x00000044fb0ff8c0 is pointing into the stack for thread: 0x0000015222efd000
stack at sp + 1 slots: 0x00007ffaa5be87f3 jvm.dll
stack at sp + 2 slots: 0x00000044fb0ff030 is pointing into the stack for thread: 0x0000015222efd000
stack at sp + 3 slots: 0x0000015222efd000 is a thread
stack at sp + 4 slots: 0x000000070f31caa0 is an oop: org.lwjgl.system.MemoryStack 
{0x000000070f31caa0} - klass: 'org/lwjgl/system/MemoryStack'
stack at sp + 5 slots: 0x000001522d81fd73 is at code_begin+3699 in 
[CodeBlob (0x000001522d81ee90)]
Framesize: 0
BufferBlob (0x000001522d81ee90) used for native signature handlers
stack at sp + 6 slots: {method} {0x00000152511ed758} 'nglDrawElements' '(IIIJ)V' in 'org/lwjgl/opengl/GL11C'
stack at sp + 7 slots: 0x0000015222efd000 is a thread


---------------  P R O C E S S  ---------------

Threads class SMR info:
_java_thread_list=0x0000015250299280, length=13, elements={
0x0000015222efd000, 0x000001524927b000, 0x000001524927c000, 0x0000015249b6d800,
0x0000015249b6e800, 0x0000015249b71000, 0x0000015249b73000, 0x0000015249b83000,
0x0000015249b9a800, 0x0000015249d4b800, 0x0000015249d4e800, 0x0000015249d4f000,
0x0000015249d67800
}

Java Threads: ( => current thread )
=>0x0000015222efd000 JavaThread "Yellow Game Engine" [_thread_in_native, id=1184, stack(0x00000044fb000000,0x00000044fb100000)]
  0x000001524927b000 JavaThread "Reference Handler" daemon [_thread_blocked, id=14108, stack(0x00000044fb700000,0x00000044fb800000)]
  0x000001524927c000 JavaThread "Finalizer" daemon [_thread_blocked, id=12096, stack(0x00000044fb800000,0x00000044fb900000)]
  0x0000015249b6d800 JavaThread "Signal Dispatcher" daemon [_thread_blocked, id=7392, stack(0x00000044fb900000,0x00000044fba00000)]
  0x0000015249b6e800 JavaThread "Attach Listener" daemon [_thread_blocked, id=15480, stack(0x00000044fba00000,0x00000044fbb00000)]
  0x0000015249b71000 JavaThread "Service Thread" daemon [_thread_blocked, id=1344, stack(0x00000044fbb00000,0x00000044fbc00000)]
  0x0000015249b73000 JavaThread "C2 CompilerThread0" daemon [_thread_blocked, id=13204, stack(0x00000044fbc00000,0x00000044fbd00000)]
  0x0000015249b83000 JavaThread "C1 CompilerThread0" daemon [_thread_blocked, id=6892, stack(0x00000044fbd00000,0x00000044fbe00000)]
  0x0000015249b9a800 JavaThread "Sweeper thread" daemon [_thread_blocked, id=13068, stack(0x00000044fbe00000,0x00000044fbf00000)]
  0x0000015249d4b800 JavaThread "JDWP Transport Listener: dt_socket" daemon [_thread_blocked, id=16104, stack(0x00000044fbf00000,0x00000044fc000000)]
  0x0000015249d4e800 JavaThread "JDWP Event Helper Thread" daemon [_thread_blocked, id=9236, stack(0x00000044fc000000,0x00000044fc100000)]
  0x0000015249d4f000 JavaThread "JDWP Command Reader" daemon [_thread_in_native, id=11192, stack(0x00000044fc100000,0x00000044fc200000)]
  0x0000015249d67800 JavaThread "Common-Cleaner" daemon [_thread_blocked, id=9292, stack(0x00000044fc300000,0x00000044fc400000)]

Other Threads:
  0x0000015249268800 VMThread "VM Thread" [stack: 0x00000044fb600000,0x00000044fb700000] [id=12808]
  0x0000015249d61800 WatcherThread [stack: 0x00000044fc200000,0x00000044fc300000] [id=4184]
  0x00000152250ef800 GCTaskThread "GC Thread#0" [stack: 0x00000044fb100000,0x00000044fb200000] [id=9100]
  0x000001524ff9b000 GCTaskThread "GC Thread#1" [stack: 0x00000044fca00000,0x00000044fcb00000] [id=3572]
  0x000001525012c000 GCTaskThread "GC Thread#2" [stack: 0x00000044fcb00000,0x00000044fcc00000] [id=5064]
  0x0000015250836800 GCTaskThread "GC Thread#3" [stack: 0x00000044fcc00000,0x00000044fcd00000] [id=12136]
  0x00000152503d5000 GCTaskThread "GC Thread#4" [stack: 0x00000044fcd00000,0x00000044fce00000] [id=1308]
  0x00000152503d6000 GCTaskThread "GC Thread#5" [stack: 0x00000044fce00000,0x00000044fcf00000] [id=8896]
  0x000001522514d000 ConcurrentGCThread "G1 Main Marker" [stack: 0x00000044fb200000,0x00000044fb300000] [id=9956]
  0x000001522514e800 ConcurrentGCThread "G1 Conc#0" [stack: 0x00000044fb300000,0x00000044fb400000] [id=9800]
  0x0000015249151000 ConcurrentGCThread "G1 Refine#0" [stack: 0x00000044fb400000,0x00000044fb500000] [id=2084]
  0x0000015249151800 ConcurrentGCThread "G1 Young RemSet Sampling" [stack: 0x00000044fb500000,0x00000044fb600000] [id=13256]

Threads with active compile tasks:

VM state:not at safepoint (normal execution)

VM Mutex/Monitor currently owned by a thread: None

Heap address: 0x0000000700c00000, size: 4084 MB, Compressed Oops mode: Zero based, Oop shift amount: 3
Narrow klass base: 0x0000000800000000, Narrow klass shift: 0
Compressed class space size: 1073741824 Address: 0x0000000800000000

Heap:
 garbage-first heap   total 262144K, used 3779K [0x0000000700c00000, 0x0000000800000000)
  region size 1024K, 5 young (5120K), 3 survivors (3072K)
 Metaspace       used 14101K, capacity 14329K, committed 14592K, reserved 1062912K
  class space    used 915K, capacity 966K, committed 1024K, reserved 1048576K
Heap Regions: E=young(eden), S=young(survivor), O=old, HS=humongous(starts), HC=humongous(continues), CS=collection set, F=free, A=archive, TAMS=top-at-mark-start (previous, next)
|   0|0x0000000700c00000, 0x0000000700c00000, 0x0000000700d00000|  0%| F|  |TAMS 0x0000000700c00000, 0x0000000700c00000| Untracked 
|   1|0x0000000700d00000, 0x0000000700d00000, 0x0000000700e00000|  0%| F|  |TAMS 0x0000000700d00000, 0x0000000700d00000| Untracked 
|   2|0x0000000700e00000, 0x0000000700e00000, 0x0000000700f00000|  0%| F|  |TAMS 0x0000000700e00000, 0x0000000700e00000| Untracked 
|   3|0x0000000700f00000, 0x0000000700f00000, 0x0000000701000000|  0%| F|  |TAMS 0x0000000700f00000, 0x0000000700f00000| Untracked 
|   4|0x0000000701000000, 0x0000000701000000, 0x0000000701100000|  0%| F|  |TAMS 0x0000000701000000, 0x0000000701000000| Untracked 
|   5|0x0000000701100000, 0x0000000701100000, 0x0000000701200000|  0%| F|  |TAMS 0x0000000701100000, 0x0000000701100000| Untracked 
|   6|0x0000000701200000, 0x0000000701200000, 0x0000000701300000|  0%| F|  |TAMS 0x0000000701200000, 0x0000000701200000| Untracked 
|   7|0x0000000701300000, 0x0000000701300000, 0x0000000701400000|  0%| F|  |TAMS 0x0000000701300000, 0x0000000701300000| Untracked 
|   8|0x0000000701400000, 0x0000000701400000, 0x0000000701500000|  0%| F|  |TAMS 0x0000000701400000, 0x0000000701400000| Untracked 
|   9|0x0000000701500000, 0x0000000701500000, 0x0000000701600000|  0%| F|  |TAMS 0x0000000701500000, 0x0000000701500000| Untracked 
|  10|0x0000000701600000, 0x0000000701600000, 0x0000000701700000|  0%| F|  |TAMS 0x0000000701600000, 0x0000000701600000| Untracked 
|  11|0x0000000701700000, 0x0000000701700000, 0x0000000701800000|  0%| F|  |TAMS 0x0000000701700000, 0x0000000701700000| Untracked 
|  12|0x0000000701800000, 0x0000000701800000, 0x0000000701900000|  0%| F|  |TAMS 0x0000000701800000, 0x0000000701800000| Untracked 
|  13|0x0000000701900000, 0x0000000701900000, 0x0000000701a00000|  0%| F|  |TAMS 0x0000000701900000, 0x0000000701900000| Untracked 
|  14|0x0000000701a00000, 0x0000000701a00000, 0x0000000701b00000|  0%| F|  |TAMS 0x0000000701a00000, 0x0000000701a00000| Untracked 
|  15|0x0000000701b00000, 0x0000000701b00000, 0x0000000701c00000|  0%| F|  |TAMS 0x0000000701b00000, 0x0000000701b00000| Untracked 
|  16|0x0000000701c00000, 0x0000000701c00000, 0x0000000701d00000|  0%| F|  |TAMS 0x0000000701c00000, 0x0000000701c00000| Untracked 
|  17|0x0000000701d00000, 0x0000000701d00000, 0x0000000701e00000|  0%| F|  |TAMS 0x0000000701d00000, 0x0000000701d00000| Untracked 
|  18|0x0000000701e00000, 0x0000000701e00000, 0x0000000701f00000|  0%| F|  |TAMS 0x0000000701e00000, 0x0000000701e00000| Untracked 
|  19|0x0000000701f00000, 0x0000000701f00000, 0x0000000702000000|  0%| F|  |TAMS 0x0000000701f00000, 0x0000000701f00000| Untracked 
|  20|0x0000000702000000, 0x0000000702000000, 0x0000000702100000|  0%| F|  |TAMS 0x0000000702000000, 0x0000000702000000| Untracked 
|  21|0x0000000702100000, 0x0000000702100000, 0x0000000702200000|  0%| F|  |TAMS 0x0000000702100000, 0x0000000702100000| Untracked 
|  22|0x0000000702200000, 0x0000000702200000, 0x0000000702300000|  0%| F|  |TAMS 0x0000000702200000, 0x0000000702200000| Untracked 
|  23|0x0000000702300000, 0x0000000702300000, 0x0000000702400000|  0%| F|  |TAMS 0x0000000702300000, 0x0000000702300000| Untracked 
|  24|0x0000000702400000, 0x0000000702400000, 0x0000000702500000|  0%| F|  |TAMS 0x0000000702400000, 0x0000000702400000| Untracked 
|  25|0x0000000702500000, 0x0000000702500000, 0x0000000702600000|  0%| F|  |TAMS 0x0000000702500000, 0x0000000702500000| Untracked 
|  26|0x0000000702600000, 0x0000000702600000, 0x0000000702700000|  0%| F|  |TAMS 0x0000000702600000, 0x0000000702600000| Untracked 
|  27|0x0000000702700000, 0x0000000702700000, 0x0000000702800000|  0%| F|  |TAMS 0x0000000702700000, 0x0000000702700000| Untracked 
|  28|0x0000000702800000, 0x0000000702800000, 0x0000000702900000|  0%| F|  |TAMS 0x0000000702800000, 0x0000000702800000| Untracked 
|  29|0x0000000702900000, 0x0000000702900000, 0x0000000702a00000|  0%| F|  |TAMS 0x0000000702900000, 0x0000000702900000| Untracked 
|  30|0x0000000702a00000, 0x0000000702a00000, 0x0000000702b00000|  0%| F|  |TAMS 0x0000000702a00000, 0x0000000702a00000| Untracked 
|  31|0x0000000702b00000, 0x0000000702b00000, 0x0000000702c00000|  0%| F|  |TAMS 0x0000000702b00000, 0x0000000702b00000| Untracked 
|  32|0x0000000702c00000, 0x0000000702c00000, 0x0000000702d00000|  0%| F|  |TAMS 0x0000000702c00000, 0x0000000702c00000| Untracked 
|  33|0x0000000702d00000, 0x0000000702d00000, 0x0000000702e00000|  0%| F|  |TAMS 0x0000000702d00000, 0x0000000702d00000| Untracked 
|  34|0x0000000702e00000, 0x0000000702e00000, 0x0000000702f00000|  0%| F|  |TAMS 0x0000000702e00000, 0x0000000702e00000| Untracked 
|  35|0x0000000702f00000, 0x0000000702f00000, 0x0000000703000000|  0%| F|  |TAMS 0x0000000702f00000, 0x0000000702f00000| Untracked 
|  36|0x0000000703000000, 0x0000000703000000, 0x0000000703100000|  0%| F|  |TAMS 0x0000000703000000, 0x0000000703000000| Untracked 
|  37|0x0000000703100000, 0x0000000703100000, 0x0000000703200000|  0%| F|  |TAMS 0x0000000703100000, 0x0000000703100000| Untracked 
|  38|0x0000000703200000, 0x0000000703200000, 0x0000000703300000|  0%| F|  |TAMS 0x0000000703200000, 0x0000000703200000| Untracked 
|  39|0x0000000703300000, 0x0000000703300000, 0x0000000703400000|  0%| F|  |TAMS 0x0000000703300000, 0x0000000703300000| Untracked 
|  40|0x0000000703400000, 0x0000000703400000, 0x0000000703500000|  0%| F|  |TAMS 0x0000000703400000, 0x0000000703400000| Untracked 
|  41|0x0000000703500000, 0x0000000703500000, 0x0000000703600000|  0%| F|  |TAMS 0x0000000703500000, 0x0000000703500000| Untracked 
|  42|0x0000000703600000, 0x0000000703600000, 0x0000000703700000|  0%| F|  |TAMS 0x0000000703600000, 0x0000000703600000| Untracked 
|  43|0x0000000703700000, 0x0000000703700000, 0x0000000703800000|  0%| F|  |TAMS 0x0000000703700000, 0x0000000703700000| Untracked 
|  44|0x0000000703800000, 0x0000000703800000, 0x0000000703900000|  0%| F|  |TAMS 0x0000000703800000, 0x0000000703800000| Untracked 
|  45|0x0000000703900000, 0x0000000703900000, 0x0000000703a00000|  0%| F|  |TAMS 0x0000000703900000, 0x0000000703900000| Untracked 
|  46|0x0000000703a00000, 0x0000000703a00000, 0x0000000703b00000|  0%| F|  |TAMS 0x0000000703a00000, 0x0000000703a00000| Untracked 
|  47|0x0000000703b00000, 0x0000000703b00000, 0x0000000703c00000|  0%| F|  |TAMS 0x0000000703b00000, 0x0000000703b00000| Untracked 
|  48|0x0000000703c00000, 0x0000000703c00000, 0x0000000703d00000|  0%| F|  |TAMS 0x0000000703c00000, 0x0000000703c00000| Untracked 
|  49|0x0000000703d00000, 0x0000000703d00000, 0x0000000703e00000|  0%| F|  |TAMS 0x0000000703d00000, 0x0000000703d00000| Untracked 
|  50|0x0000000703e00000, 0x0000000703e00000, 0x0000000703f00000|  0%| F|  |TAMS 0x0000000703e00000, 0x0000000703e00000| Untracked 
|  51|0x0000000703f00000, 0x0000000703f00000, 0x0000000704000000|  0%| F|  |TAMS 0x0000000703f00000, 0x0000000703f00000| Untracked 
|  52|0x0000000704000000, 0x0000000704000000, 0x0000000704100000|  0%| F|  |TAMS 0x0000000704000000, 0x0000000704000000| Untracked 
|  53|0x0000000704100000, 0x0000000704100000, 0x0000000704200000|  0%| F|  |TAMS 0x0000000704100000, 0x0000000704100000| Untracked 
|  54|0x0000000704200000, 0x0000000704200000, 0x0000000704300000|  0%| F|  |TAMS 0x0000000704200000, 0x0000000704200000| Untracked 
|  55|0x0000000704300000, 0x0000000704300000, 0x0000000704400000|  0%| F|  |TAMS 0x0000000704300000, 0x0000000704300000| Untracked 
|  56|0x0000000704400000, 0x0000000704400000, 0x0000000704500000|  0%| F|  |TAMS 0x0000000704400000, 0x0000000704400000| Untracked 
|  57|0x0000000704500000, 0x0000000704500000, 0x0000000704600000|  0%| F|  |TAMS 0x0000000704500000, 0x0000000704500000| Untracked 
|  58|0x0000000704600000, 0x0000000704600000, 0x0000000704700000|  0%| F|  |TAMS 0x0000000704600000, 0x0000000704600000| Untracked 
|  59|0x0000000704700000, 0x0000000704700000, 0x0000000704800000|  0%| F|  |TAMS 0x0000000704700000, 0x0000000704700000| Untracked 
|  60|0x0000000704800000, 0x0000000704800000, 0x0000000704900000|  0%| F|  |TAMS 0x0000000704800000, 0x0000000704800000| Untracked 
|  61|0x0000000704900000, 0x0000000704900000, 0x0000000704a00000|  0%| F|  |TAMS 0x0000000704900000, 0x0000000704900000| Untracked 
|  62|0x0000000704a00000, 0x0000000704a00000, 0x0000000704b00000|  0%| F|  |TAMS 0x0000000704a00000, 0x0000000704a00000| Untracked 
|  63|0x0000000704b00000, 0x0000000704b00000, 0x0000000704c00000|  0%| F|  |TAMS 0x0000000704b00000, 0x0000000704b00000| Untracked 
|  64|0x0000000704c00000, 0x0000000704c00000, 0x0000000704d00000|  0%| F|  |TAMS 0x0000000704c00000, 0x0000000704c00000| Untracked 
|  65|0x0000000704d00000, 0x0000000704d00000, 0x0000000704e00000|  0%| F|  |TAMS 0x0000000704d00000, 0x0000000704d00000| Untracked 
|  66|0x0000000704e00000, 0x0000000704e00000, 0x0000000704f00000|  0%| F|  |TAMS 0x0000000704e00000, 0x0000000704e00000| Untracked 
|  67|0x0000000704f00000, 0x0000000704f00000, 0x0000000705000000|  0%| F|  |TAMS 0x0000000704f00000, 0x0000000704f00000| Untracked 
|  68|0x0000000705000000, 0x0000000705000000, 0x0000000705100000|  0%| F|  |TAMS 0x0000000705000000, 0x0000000705000000| Untracked 
|  69|0x0000000705100000, 0x0000000705100000, 0x0000000705200000|  0%| F|  |TAMS 0x0000000705100000, 0x0000000705100000| Untracked 
|  70|0x0000000705200000, 0x0000000705200000, 0x0000000705300000|  0%| F|  |TAMS 0x0000000705200000, 0x0000000705200000| Untracked 
|  71|0x0000000705300000, 0x0000000705300000, 0x0000000705400000|  0%| F|  |TAMS 0x0000000705300000, 0x0000000705300000| Untracked 
|  72|0x0000000705400000, 0x0000000705400000, 0x0000000705500000|  0%| F|  |TAMS 0x0000000705400000, 0x0000000705400000| Untracked 
|  73|0x0000000705500000, 0x0000000705500000, 0x0000000705600000|  0%| F|  |TAMS 0x0000000705500000, 0x0000000705500000| Untracked 
|  74|0x0000000705600000, 0x0000000705600000, 0x0000000705700000|  0%| F|  |TAMS 0x0000000705600000, 0x0000000705600000| Untracked 
|  75|0x0000000705700000, 0x0000000705700000, 0x0000000705800000|  0%| F|  |TAMS 0x0000000705700000, 0x0000000705700000| Untracked 
|  76|0x0000000705800000, 0x0000000705800000, 0x0000000705900000|  0%| F|  |TAMS 0x0000000705800000, 0x0000000705800000| Untracked 
|  77|0x0000000705900000, 0x0000000705900000, 0x0000000705a00000|  0%| F|  |TAMS 0x0000000705900000, 0x0000000705900000| Untracked 
|  78|0x0000000705a00000, 0x0000000705a00000, 0x0000000705b00000|  0%| F|  |TAMS 0x0000000705a00000, 0x0000000705a00000| Untracked 
|  79|0x0000000705b00000, 0x0000000705b00000, 0x0000000705c00000|  0%| F|  |TAMS 0x0000000705b00000, 0x0000000705b00000| Untracked 
|  80|0x0000000705c00000, 0x0000000705c00000, 0x0000000705d00000|  0%| F|  |TAMS 0x0000000705c00000, 0x0000000705c00000| Untracked 
|  81|0x0000000705d00000, 0x0000000705d00000, 0x0000000705e00000|  0%| F|  |TAMS 0x0000000705d00000, 0x0000000705d00000| Untracked 
|  82|0x0000000705e00000, 0x0000000705e00000, 0x0000000705f00000|  0%| F|  |TAMS 0x0000000705e00000, 0x0000000705e00000| Untracked 
|  83|0x0000000705f00000, 0x0000000705f00000, 0x0000000706000000|  0%| F|  |TAMS 0x0000000705f00000, 0x0000000705f00000| Untracked 
|  84|0x0000000706000000, 0x0000000706000000, 0x0000000706100000|  0%| F|  |TAMS 0x0000000706000000, 0x0000000706000000| Untracked 
|  85|0x0000000706100000, 0x0000000706100000, 0x0000000706200000|  0%| F|  |TAMS 0x0000000706100000, 0x0000000706100000| Untracked 
|  86|0x0000000706200000, 0x0000000706200000, 0x0000000706300000|  0%| F|  |TAMS 0x0000000706200000, 0x0000000706200000| Untracked 
|  87|0x0000000706300000, 0x0000000706300000, 0x0000000706400000|  0%| F|  |TAMS 0x0000000706300000, 0x0000000706300000| Untracked 
|  88|0x0000000706400000, 0x0000000706400000, 0x0000000706500000|  0%| F|  |TAMS 0x0000000706400000, 0x0000000706400000| Untracked 
|  89|0x0000000706500000, 0x0000000706500000, 0x0000000706600000|  0%| F|  |TAMS 0x0000000706500000, 0x0000000706500000| Untracked 
|  90|0x0000000706600000, 0x0000000706600000, 0x0000000706700000|  0%| F|  |TAMS 0x0000000706600000, 0x0000000706600000| Untracked 
|  91|0x0000000706700000, 0x0000000706700000, 0x0000000706800000|  0%| F|  |TAMS 0x0000000706700000, 0x0000000706700000| Untracked 
|  92|0x0000000706800000, 0x0000000706800000, 0x0000000706900000|  0%| F|  |TAMS 0x0000000706800000, 0x0000000706800000| Untracked 
|  93|0x0000000706900000, 0x0000000706900000, 0x0000000706a00000|  0%| F|  |TAMS 0x0000000706900000, 0x0000000706900000| Untracked 
|  94|0x0000000706a00000, 0x0000000706a00000, 0x0000000706b00000|  0%| F|  |TAMS 0x0000000706a00000, 0x0000000706a00000| Untracked 
|  95|0x0000000706b00000, 0x0000000706b00000, 0x0000000706c00000|  0%| F|  |TAMS 0x0000000706b00000, 0x0000000706b00000| Untracked 
|  96|0x0000000706c00000, 0x0000000706c00000, 0x0000000706d00000|  0%| F|  |TAMS 0x0000000706c00000, 0x0000000706c00000| Untracked 
|  97|0x0000000706d00000, 0x0000000706d00000, 0x0000000706e00000|  0%| F|  |TAMS 0x0000000706d00000, 0x0000000706d00000| Untracked 
|  98|0x0000000706e00000, 0x0000000706e00000, 0x0000000706f00000|  0%| F|  |TAMS 0x0000000706e00000, 0x0000000706e00000| Untracked 
|  99|0x0000000706f00000, 0x0000000706f00000, 0x0000000707000000|  0%| F|  |TAMS 0x0000000706f00000, 0x0000000706f00000| Untracked 
| 100|0x0000000707000000, 0x0000000707000000, 0x0000000707100000|  0%| F|  |TAMS 0x0000000707000000, 0x0000000707000000| Untracked 
| 101|0x0000000707100000, 0x0000000707100000, 0x0000000707200000|  0%| F|  |TAMS 0x0000000707100000, 0x0000000707100000| Untracked 
| 102|0x0000000707200000, 0x0000000707200000, 0x0000000707300000|  0%| F|  |TAMS 0x0000000707200000, 0x0000000707200000| Untracked 
| 103|0x0000000707300000, 0x0000000707300000, 0x0000000707400000|  0%| F|  |TAMS 0x0000000707300000, 0x0000000707300000| Untracked 
| 104|0x0000000707400000, 0x0000000707400000, 0x0000000707500000|  0%| F|  |TAMS 0x0000000707400000, 0x0000000707400000| Untracked 
| 105|0x0000000707500000, 0x0000000707500000, 0x0000000707600000|  0%| F|  |TAMS 0x0000000707500000, 0x0000000707500000| Untracked 
| 106|0x0000000707600000, 0x0000000707600000, 0x0000000707700000|  0%| F|  |TAMS 0x0000000707600000, 0x0000000707600000| Untracked 
| 107|0x0000000707700000, 0x0000000707700000, 0x0000000707800000|  0%| F|  |TAMS 0x0000000707700000, 0x0000000707700000| Untracked 
| 108|0x0000000707800000, 0x0000000707800000, 0x0000000707900000|  0%| F|  |TAMS 0x0000000707800000, 0x0000000707800000| Untracked 
| 109|0x0000000707900000, 0x0000000707900000, 0x0000000707a00000|  0%| F|  |TAMS 0x0000000707900000, 0x0000000707900000| Untracked 
| 110|0x0000000707a00000, 0x0000000707a00000, 0x0000000707b00000|  0%| F|  |TAMS 0x0000000707a00000, 0x0000000707a00000| Untracked 
| 111|0x0000000707b00000, 0x0000000707b00000, 0x0000000707c00000|  0%| F|  |TAMS 0x0000000707b00000, 0x0000000707b00000| Untracked 
| 112|0x0000000707c00000, 0x0000000707c00000, 0x0000000707d00000|  0%| F|  |TAMS 0x0000000707c00000, 0x0000000707c00000| Untracked 
| 113|0x0000000707d00000, 0x0000000707d00000, 0x0000000707e00000|  0%| F|  |TAMS 0x0000000707d00000, 0x0000000707d00000| Untracked 
| 114|0x0000000707e00000, 0x0000000707e00000, 0x0000000707f00000|  0%| F|  |TAMS 0x0000000707e00000, 0x0000000707e00000| Untracked 
| 115|0x0000000707f00000, 0x0000000707f00000, 0x0000000708000000|  0%| F|  |TAMS 0x0000000707f00000, 0x0000000707f00000| Untracked 
| 116|0x0000000708000000, 0x0000000708000000, 0x0000000708100000|  0%| F|  |TAMS 0x0000000708000000, 0x0000000708000000| Untracked 
| 117|0x0000000708100000, 0x0000000708100000, 0x0000000708200000|  0%| F|  |TAMS 0x0000000708100000, 0x0000000708100000| Untracked 
| 118|0x0000000708200000, 0x0000000708200000, 0x0000000708300000|  0%| F|  |TAMS 0x0000000708200000, 0x0000000708200000| Untracked 
| 119|0x0000000708300000, 0x0000000708300000, 0x0000000708400000|  0%| F|  |TAMS 0x0000000708300000, 0x0000000708300000| Untracked 
| 120|0x0000000708400000, 0x0000000708400000, 0x0000000708500000|  0%| F|  |TAMS 0x0000000708400000, 0x0000000708400000| Untracked 
| 121|0x0000000708500000, 0x0000000708500000, 0x0000000708600000|  0%| F|  |TAMS 0x0000000708500000, 0x0000000708500000| Untracked 
| 122|0x0000000708600000, 0x0000000708600000, 0x0000000708700000|  0%| F|  |TAMS 0x0000000708600000, 0x0000000708600000| Untracked 
| 123|0x0000000708700000, 0x0000000708700000, 0x0000000708800000|  0%| F|  |TAMS 0x0000000708700000, 0x0000000708700000| Untracked 
| 124|0x0000000708800000, 0x0000000708800000, 0x0000000708900000|  0%| F|  |TAMS 0x0000000708800000, 0x0000000708800000| Untracked 
| 125|0x0000000708900000, 0x0000000708900000, 0x0000000708a00000|  0%| F|  |TAMS 0x0000000708900000, 0x0000000708900000| Untracked 
| 126|0x0000000708a00000, 0x0000000708a00000, 0x0000000708b00000|  0%| F|  |TAMS 0x0000000708a00000, 0x0000000708a00000| Untracked 
| 127|0x0000000708b00000, 0x0000000708b00000, 0x0000000708c00000|  0%| F|  |TAMS 0x0000000708b00000, 0x0000000708b00000| Untracked 
| 128|0x0000000708c00000, 0x0000000708c00000, 0x0000000708d00000|  0%| F|  |TAMS 0x0000000708c00000, 0x0000000708c00000| Untracked 
| 129|0x0000000708d00000, 0x0000000708d00000, 0x0000000708e00000|  0%| F|  |TAMS 0x0000000708d00000, 0x0000000708d00000| Untracked 
| 130|0x0000000708e00000, 0x0000000708e00000, 0x0000000708f00000|  0%| F|  |TAMS 0x0000000708e00000, 0x0000000708e00000| Untracked 
| 131|0x0000000708f00000, 0x0000000708f00000, 0x0000000709000000|  0%| F|  |TAMS 0x0000000708f00000, 0x0000000708f00000| Untracked 
| 132|0x0000000709000000, 0x0000000709000000, 0x0000000709100000|  0%| F|  |TAMS 0x0000000709000000, 0x0000000709000000| Untracked 
| 133|0x0000000709100000, 0x0000000709100000, 0x0000000709200000|  0%| F|  |TAMS 0x0000000709100000, 0x0000000709100000| Untracked 
| 134|0x0000000709200000, 0x0000000709200000, 0x0000000709300000|  0%| F|  |TAMS 0x0000000709200000, 0x0000000709200000| Untracked 
| 135|0x0000000709300000, 0x0000000709300000, 0x0000000709400000|  0%| F|  |TAMS 0x0000000709300000, 0x0000000709300000| Untracked 
| 136|0x0000000709400000, 0x0000000709400000, 0x0000000709500000|  0%| F|  |TAMS 0x0000000709400000, 0x0000000709400000| Untracked 
| 137|0x0000000709500000, 0x0000000709500000, 0x0000000709600000|  0%| F|  |TAMS 0x0000000709500000, 0x0000000709500000| Untracked 
| 138|0x0000000709600000, 0x0000000709600000, 0x0000000709700000|  0%| F|  |TAMS 0x0000000709600000, 0x0000000709600000| Untracked 
| 139|0x0000000709700000, 0x0000000709700000, 0x0000000709800000|  0%| F|  |TAMS 0x0000000709700000, 0x0000000709700000| Untracked 
| 140|0x0000000709800000, 0x0000000709800000, 0x0000000709900000|  0%| F|  |TAMS 0x0000000709800000, 0x0000000709800000| Untracked 
| 141|0x0000000709900000, 0x0000000709900000, 0x0000000709a00000|  0%| F|  |TAMS 0x0000000709900000, 0x0000000709900000| Untracked 
| 142|0x0000000709a00000, 0x0000000709a00000, 0x0000000709b00000|  0%| F|  |TAMS 0x0000000709a00000, 0x0000000709a00000| Untracked 
| 143|0x0000000709b00000, 0x0000000709b00000, 0x0000000709c00000|  0%| F|  |TAMS 0x0000000709b00000, 0x0000000709b00000| Untracked 
| 144|0x0000000709c00000, 0x0000000709c00000, 0x0000000709d00000|  0%| F|  |TAMS 0x0000000709c00000, 0x0000000709c00000| Untracked 
| 145|0x0000000709d00000, 0x0000000709d00000, 0x0000000709e00000|  0%| F|  |TAMS 0x0000000709d00000, 0x0000000709d00000| Untracked 
| 146|0x0000000709e00000, 0x0000000709e00000, 0x0000000709f00000|  0%| F|  |TAMS 0x0000000709e00000, 0x0000000709e00000| Untracked 
| 147|0x0000000709f00000, 0x0000000709f00000, 0x000000070a000000|  0%| F|  |TAMS 0x0000000709f00000, 0x0000000709f00000| Untracked 
| 148|0x000000070a000000, 0x000000070a000000, 0x000000070a100000|  0%| F|  |TAMS 0x000000070a000000, 0x000000070a000000| Untracked 
| 149|0x000000070a100000, 0x000000070a100000, 0x000000070a200000|  0%| F|  |TAMS 0x000000070a100000, 0x000000070a100000| Untracked 
| 150|0x000000070a200000, 0x000000070a200000, 0x000000070a300000|  0%| F|  |TAMS 0x000000070a200000, 0x000000070a200000| Untracked 
| 151|0x000000070a300000, 0x000000070a300000, 0x000000070a400000|  0%| F|  |TAMS 0x000000070a300000, 0x000000070a300000| Untracked 
| 152|0x000000070a400000, 0x000000070a400000, 0x000000070a500000|  0%| F|  |TAMS 0x000000070a400000, 0x000000070a400000| Untracked 
| 153|0x000000070a500000, 0x000000070a500000, 0x000000070a600000|  0%| F|  |TAMS 0x000000070a500000, 0x000000070a500000| Untracked 
| 154|0x000000070a600000, 0x000000070a600000, 0x000000070a700000|  0%| F|  |TAMS 0x000000070a600000, 0x000000070a600000| Untracked 
| 155|0x000000070a700000, 0x000000070a700000, 0x000000070a800000|  0%| F|  |TAMS 0x000000070a700000, 0x000000070a700000| Untracked 
| 156|0x000000070a800000, 0x000000070a800000, 0x000000070a900000|  0%| F|  |TAMS 0x000000070a800000, 0x000000070a800000| Untracked 
| 157|0x000000070a900000, 0x000000070a900000, 0x000000070aa00000|  0%| F|  |TAMS 0x000000070a900000, 0x000000070a900000| Untracked 
| 158|0x000000070aa00000, 0x000000070aa00000, 0x000000070ab00000|  0%| F|  |TAMS 0x000000070aa00000, 0x000000070aa00000| Untracked 
| 159|0x000000070ab00000, 0x000000070ab00000, 0x000000070ac00000|  0%| F|  |TAMS 0x000000070ab00000, 0x000000070ab00000| Untracked 
| 160|0x000000070ac00000, 0x000000070ac00000, 0x000000070ad00000|  0%| F|  |TAMS 0x000000070ac00000, 0x000000070ac00000| Untracked 
| 161|0x000000070ad00000, 0x000000070ad00000, 0x000000070ae00000|  0%| F|  |TAMS 0x000000070ad00000, 0x000000070ad00000| Untracked 
| 162|0x000000070ae00000, 0x000000070ae00000, 0x000000070af00000|  0%| F|  |TAMS 0x000000070ae00000, 0x000000070ae00000| Untracked 
| 163|0x000000070af00000, 0x000000070af00000, 0x000000070b000000|  0%| F|  |TAMS 0x000000070af00000, 0x000000070af00000| Untracked 
| 164|0x000000070b000000, 0x000000070b000000, 0x000000070b100000|  0%| F|  |TAMS 0x000000070b000000, 0x000000070b000000| Untracked 
| 165|0x000000070b100000, 0x000000070b100000, 0x000000070b200000|  0%| F|  |TAMS 0x000000070b100000, 0x000000070b100000| Untracked 
| 166|0x000000070b200000, 0x000000070b200000, 0x000000070b300000|  0%| F|  |TAMS 0x000000070b200000, 0x000000070b200000| Untracked 
| 167|0x000000070b300000, 0x000000070b300000, 0x000000070b400000|  0%| F|  |TAMS 0x000000070b300000, 0x000000070b300000| Untracked 
| 168|0x000000070b400000, 0x000000070b400000, 0x000000070b500000|  0%| F|  |TAMS 0x000000070b400000, 0x000000070b400000| Untracked 
| 169|0x000000070b500000, 0x000000070b500000, 0x000000070b600000|  0%| F|  |TAMS 0x000000070b500000, 0x000000070b500000| Untracked 
| 170|0x000000070b600000, 0x000000070b600000, 0x000000070b700000|  0%| F|  |TAMS 0x000000070b600000, 0x000000070b600000| Untracked 
| 171|0x000000070b700000, 0x000000070b700000, 0x000000070b800000|  0%| F|  |TAMS 0x000000070b700000, 0x000000070b700000| Untracked 
| 172|0x000000070b800000, 0x000000070b800000, 0x000000070b900000|  0%| F|  |TAMS 0x000000070b800000, 0x000000070b800000| Untracked 
| 173|0x000000070b900000, 0x000000070b900000, 0x000000070ba00000|  0%| F|  |TAMS 0x000000070b900000, 0x000000070b900000| Untracked 
| 174|0x000000070ba00000, 0x000000070ba00000, 0x000000070bb00000|  0%| F|  |TAMS 0x000000070ba00000, 0x000000070ba00000| Untracked 
| 175|0x000000070bb00000, 0x000000070bb00000, 0x000000070bc00000|  0%| F|  |TAMS 0x000000070bb00000, 0x000000070bb00000| Untracked 
| 176|0x000000070bc00000, 0x000000070bc00000, 0x000000070bd00000|  0%| F|  |TAMS 0x000000070bc00000, 0x000000070bc00000| Untracked 
| 177|0x000000070bd00000, 0x000000070bd00000, 0x000000070be00000|  0%| F|  |TAMS 0x000000070bd00000, 0x000000070bd00000| Untracked 
| 178|0x000000070be00000, 0x000000070be00000, 0x000000070bf00000|  0%| F|  |TAMS 0x000000070be00000, 0x000000070be00000| Untracked 
| 179|0x000000070bf00000, 0x000000070bf00000, 0x000000070c000000|  0%| F|  |TAMS 0x000000070bf00000, 0x000000070bf00000| Untracked 
| 180|0x000000070c000000, 0x000000070c000000, 0x000000070c100000|  0%| F|  |TAMS 0x000000070c000000, 0x000000070c000000| Untracked 
| 181|0x000000070c100000, 0x000000070c100000, 0x000000070c200000|  0%| F|  |TAMS 0x000000070c100000, 0x000000070c100000| Untracked 
| 182|0x000000070c200000, 0x000000070c200000, 0x000000070c300000|  0%| F|  |TAMS 0x000000070c200000, 0x000000070c200000| Untracked 
| 183|0x000000070c300000, 0x000000070c300000, 0x000000070c400000|  0%| F|  |TAMS 0x000000070c300000, 0x000000070c300000| Untracked 
| 184|0x000000070c400000, 0x000000070c400000, 0x000000070c500000|  0%| F|  |TAMS 0x000000070c400000, 0x000000070c400000| Untracked 
| 185|0x000000070c500000, 0x000000070c500000, 0x000000070c600000|  0%| F|  |TAMS 0x000000070c500000, 0x000000070c500000| Untracked 
| 186|0x000000070c600000, 0x000000070c600000, 0x000000070c700000|  0%| F|  |TAMS 0x000000070c600000, 0x000000070c600000| Untracked 
| 187|0x000000070c700000, 0x000000070c700000, 0x000000070c800000|  0%| F|  |TAMS 0x000000070c700000, 0x000000070c700000| Untracked 
| 188|0x000000070c800000, 0x000000070c800000, 0x000000070c900000|  0%| F|  |TAMS 0x000000070c800000, 0x000000070c800000| Untracked 
| 189|0x000000070c900000, 0x000000070c900000, 0x000000070ca00000|  0%| F|  |TAMS 0x000000070c900000, 0x000000070c900000| Untracked 
| 190|0x000000070ca00000, 0x000000070ca00000, 0x000000070cb00000|  0%| F|  |TAMS 0x000000070ca00000, 0x000000070ca00000| Untracked 
| 191|0x000000070cb00000, 0x000000070cb00000, 0x000000070cc00000|  0%| F|  |TAMS 0x000000070cb00000, 0x000000070cb00000| Untracked 
| 192|0x000000070cc00000, 0x000000070cc00000, 0x000000070cd00000|  0%| F|  |TAMS 0x000000070cc00000, 0x000000070cc00000| Untracked 
| 193|0x000000070cd00000, 0x000000070cd00000, 0x000000070ce00000|  0%| F|  |TAMS 0x000000070cd00000, 0x000000070cd00000| Untracked 
| 194|0x000000070ce00000, 0x000000070ce00000, 0x000000070cf00000|  0%| F|  |TAMS 0x000000070ce00000, 0x000000070ce00000| Untracked 
| 195|0x000000070cf00000, 0x000000070cf00000, 0x000000070d000000|  0%| F|  |TAMS 0x000000070cf00000, 0x000000070cf00000| Untracked 
| 196|0x000000070d000000, 0x000000070d000000, 0x000000070d100000|  0%| F|  |TAMS 0x000000070d000000, 0x000000070d000000| Untracked 
| 197|0x000000070d100000, 0x000000070d100000, 0x000000070d200000|  0%| F|  |TAMS 0x000000070d100000, 0x000000070d100000| Untracked 
| 198|0x000000070d200000, 0x000000070d200000, 0x000000070d300000|  0%| F|  |TAMS 0x000000070d200000, 0x000000070d200000| Untracked 
| 199|0x000000070d300000, 0x000000070d300000, 0x000000070d400000|  0%| F|  |TAMS 0x000000070d300000, 0x000000070d300000| Untracked 
| 200|0x000000070d400000, 0x000000070d400000, 0x000000070d500000|  0%| F|  |TAMS 0x000000070d400000, 0x000000070d400000| Untracked 
| 201|0x000000070d500000, 0x000000070d500000, 0x000000070d600000|  0%| F|  |TAMS 0x000000070d500000, 0x000000070d500000| Untracked 
| 202|0x000000070d600000, 0x000000070d600000, 0x000000070d700000|  0%| F|  |TAMS 0x000000070d600000, 0x000000070d600000| Untracked 
| 203|0x000000070d700000, 0x000000070d700000, 0x000000070d800000|  0%| F|  |TAMS 0x000000070d700000, 0x000000070d700000| Untracked 
| 204|0x000000070d800000, 0x000000070d800000, 0x000000070d900000|  0%| F|  |TAMS 0x000000070d800000, 0x000000070d800000| Untracked 
| 205|0x000000070d900000, 0x000000070d900000, 0x000000070da00000|  0%| F|  |TAMS 0x000000070d900000, 0x000000070d900000| Untracked 
| 206|0x000000070da00000, 0x000000070da00000, 0x000000070db00000|  0%| F|  |TAMS 0x000000070da00000, 0x000000070da00000| Untracked 
| 207|0x000000070db00000, 0x000000070db00000, 0x000000070dc00000|  0%| F|  |TAMS 0x000000070db00000, 0x000000070db00000| Untracked 
| 208|0x000000070dc00000, 0x000000070dc00000, 0x000000070dd00000|  0%| F|  |TAMS 0x000000070dc00000, 0x000000070dc00000| Untracked 
| 209|0x000000070dd00000, 0x000000070dd00000, 0x000000070de00000|  0%| F|  |TAMS 0x000000070dd00000, 0x000000070dd00000| Untracked 
| 210|0x000000070de00000, 0x000000070de00000, 0x000000070df00000|  0%| F|  |TAMS 0x000000070de00000, 0x000000070de00000| Untracked 
| 211|0x000000070df00000, 0x000000070df00000, 0x000000070e000000|  0%| F|  |TAMS 0x000000070df00000, 0x000000070df00000| Untracked 
| 212|0x000000070e000000, 0x000000070e000000, 0x000000070e100000|  0%| F|  |TAMS 0x000000070e000000, 0x000000070e000000| Untracked 
| 213|0x000000070e100000, 0x000000070e100000, 0x000000070e200000|  0%| F|  |TAMS 0x000000070e100000, 0x000000070e100000| Untracked 
| 214|0x000000070e200000, 0x000000070e200000, 0x000000070e300000|  0%| F|  |TAMS 0x000000070e200000, 0x000000070e200000| Untracked 
| 215|0x000000070e300000, 0x000000070e300000, 0x000000070e400000|  0%| F|  |TAMS 0x000000070e300000, 0x000000070e300000| Untracked 
| 216|0x000000070e400000, 0x000000070e400000, 0x000000070e500000|  0%| F|  |TAMS 0x000000070e400000, 0x000000070e400000| Untracked 
| 217|0x000000070e500000, 0x000000070e500000, 0x000000070e600000|  0%| F|  |TAMS 0x000000070e500000, 0x000000070e500000| Untracked 
| 218|0x000000070e600000, 0x000000070e600000, 0x000000070e700000|  0%| F|  |TAMS 0x000000070e600000, 0x000000070e600000| Untracked 
| 219|0x000000070e700000, 0x000000070e700000, 0x000000070e800000|  0%| F|  |TAMS 0x000000070e700000, 0x000000070e700000| Untracked 
| 220|0x000000070e800000, 0x000000070e800000, 0x000000070e900000|  0%| F|  |TAMS 0x000000070e800000, 0x000000070e800000| Untracked 
| 221|0x000000070e900000, 0x000000070e900000, 0x000000070ea00000|  0%| F|  |TAMS 0x000000070e900000, 0x000000070e900000| Untracked 
| 222|0x000000070ea00000, 0x000000070ea00000, 0x000000070eb00000|  0%| F|  |TAMS 0x000000070ea00000, 0x000000070ea00000| Untracked 
| 223|0x000000070eb00000, 0x000000070eb00000, 0x000000070ec00000|  0%| F|  |TAMS 0x000000070eb00000, 0x000000070eb00000| Untracked 
| 224|0x000000070ec00000, 0x000000070ec00000, 0x000000070ed00000|  0%| F|  |TAMS 0x000000070ec00000, 0x000000070ec00000| Untracked 
| 225|0x000000070ed00000, 0x000000070ed00000, 0x000000070ee00000|  0%| F|  |TAMS 0x000000070ed00000, 0x000000070ed00000| Untracked 
| 226|0x000000070ee00000, 0x000000070ee00000, 0x000000070ef00000|  0%| F|  |TAMS 0x000000070ee00000, 0x000000070ee00000| Untracked 
| 227|0x000000070ef00000, 0x000000070ef00000, 0x000000070f000000|  0%| F|  |TAMS 0x000000070ef00000, 0x000000070ef00000| Untracked 
| 228|0x000000070f000000, 0x000000070f000000, 0x000000070f100000|  0%| F|  |TAMS 0x000000070f000000, 0x000000070f000000| Untracked 
| 229|0x000000070f100000, 0x000000070f1b0d18, 0x000000070f200000| 69%| S|CS|TAMS 0x000000070f100000, 0x000000070f100000| Complete 
| 230|0x000000070f200000, 0x000000070f300000, 0x000000070f300000|100%| S|CS|TAMS 0x000000070f200000, 0x000000070f200000| Complete 
| 231|0x000000070f300000, 0x000000070f400000, 0x000000070f400000|100%| S|CS|TAMS 0x000000070f300000, 0x000000070f300000| Complete 
| 232|0x000000070f400000, 0x000000070f400000, 0x000000070f500000|  0%| F|  |TAMS 0x000000070f400000, 0x000000070f400000| Untracked 
| 233|0x000000070f500000, 0x000000070f500000, 0x000000070f600000|  0%| F|  |TAMS 0x000000070f500000, 0x000000070f500000| Untracked 
| 234|0x000000070f600000, 0x000000070f600000, 0x000000070f700000|  0%| F|  |TAMS 0x000000070f600000, 0x000000070f600000| Untracked 
| 235|0x000000070f700000, 0x000000070f700000, 0x000000070f800000|  0%| F|  |TAMS 0x000000070f700000, 0x000000070f700000| Untracked 
| 236|0x000000070f800000, 0x000000070f800000, 0x000000070f900000|  0%| F|  |TAMS 0x000000070f800000, 0x000000070f800000| Untracked 
| 237|0x000000070f900000, 0x000000070f900000, 0x000000070fa00000|  0%| F|  |TAMS 0x000000070f900000, 0x000000070f900000| Untracked 
| 238|0x000000070fa00000, 0x000000070fa00000, 0x000000070fb00000|  0%| F|  |TAMS 0x000000070fa00000, 0x000000070fa00000| Untracked 
| 239|0x000000070fb00000, 0x000000070fb00000, 0x000000070fc00000|  0%| F|  |TAMS 0x000000070fb00000, 0x000000070fb00000| Untracked 
| 240|0x000000070fc00000, 0x000000070fc00000, 0x000000070fd00000|  0%| F|  |TAMS 0x000000070fc00000, 0x000000070fc00000| Untracked 
| 241|0x000000070fd00000, 0x000000070fd00000, 0x000000070fe00000|  0%| F|  |TAMS 0x000000070fd00000, 0x000000070fd00000| Untracked 
| 242|0x000000070fe00000, 0x000000070fe00000, 0x000000070ff00000|  0%| F|  |TAMS 0x000000070fe00000, 0x000000070fe00000| Untracked 
| 243|0x000000070ff00000, 0x000000070ff00000, 0x0000000710000000|  0%| F|  |TAMS 0x000000070ff00000, 0x000000070ff00000| Untracked 
| 244|0x0000000710000000, 0x0000000710000000, 0x0000000710100000|  0%| F|  |TAMS 0x0000000710000000, 0x0000000710000000| Untracked 
| 245|0x0000000710100000, 0x0000000710100000, 0x0000000710200000|  0%| F|  |TAMS 0x0000000710100000, 0x0000000710100000| Untracked 
| 246|0x0000000710200000, 0x0000000710200000, 0x0000000710300000|  0%| F|  |TAMS 0x0000000710200000, 0x0000000710200000| Untracked 
| 247|0x0000000710300000, 0x0000000710300000, 0x0000000710400000|  0%| F|  |TAMS 0x0000000710300000, 0x0000000710300000| Untracked 
| 248|0x0000000710400000, 0x0000000710400000, 0x0000000710500000|  0%| F|  |TAMS 0x0000000710400000, 0x0000000710400000| Untracked 
| 249|0x0000000710500000, 0x0000000710500000, 0x0000000710600000|  0%| F|  |TAMS 0x0000000710500000, 0x0000000710500000| Untracked 
| 250|0x0000000710600000, 0x0000000710600000, 0x0000000710700000|  0%| F|  |TAMS 0x0000000710600000, 0x0000000710600000| Untracked 
| 251|0x0000000710700000, 0x0000000710700000, 0x0000000710800000|  0%| F|  |TAMS 0x0000000710700000, 0x0000000710700000| Untracked 
| 252|0x0000000710800000, 0x0000000710800000, 0x0000000710900000|  0%| F|  |TAMS 0x0000000710800000, 0x0000000710800000| Untracked 
| 253|0x0000000710900000, 0x0000000710900000, 0x0000000710a00000|  0%| F|  |TAMS 0x0000000710900000, 0x0000000710900000| Untracked 
| 254|0x0000000710a00000, 0x0000000710b00000, 0x0000000710b00000|100%| E|  |TAMS 0x0000000710a00000, 0x0000000710a00000| Complete 
| 255|0x0000000710b00000, 0x0000000710c00000, 0x0000000710c00000|100%| E|CS|TAMS 0x0000000710b00000, 0x0000000710b00000| Complete 

Card table byte_map: [0x000001523d520000,0x000001523dd20000] _byte_map_base: 0x0000015239d1a000

Marking Bits (Prev, Next): (CMBitMap*) 0x000001522513b1b8, (CMBitMap*) 0x000001522513b1f0
 Prev Bits: [0x000001523e520000, 0x00000152424f0000)
 Next Bits: [0x00000152424f0000, 0x00000152464c0000)

Polling page: 0x0000015223080000

Metaspace:

Usage:
  Non-class:     13.05 MB capacity,    12.88 MB ( 99%) used,   161.18 KB (  1%) free+waste,    15.06 KB ( <1%) overhead. 
      Class:    966.00 KB capacity,   915.11 KB ( 95%) used,    46.02 KB (  5%) free+waste,     4.88 KB ( <1%) overhead. 
       Both:     13.99 MB capacity,    13.77 MB ( 98%) used,   207.20 KB (  1%) free+waste,    19.94 KB ( <1%) overhead. 

Virtual space:
  Non-class space:       14.00 MB reserved,      13.25 MB ( 95%) committed 
      Class space:        1.00 GB reserved,       1.00 MB ( <1%) committed 
             Both:        1.01 GB reserved,      14.25 MB (  1%) committed 

Chunk freelists:
   Non-Class:  77.00 KB
       Class:  26.00 KB
        Both:  103.00 KB

MaxMetaspaceSize: 17179869184.00 GB
CompressedClassSpaceSize: 1.00 GB

CodeHeap 'non-profiled nmethods': size=120000Kb used=320Kb max_used=320Kb free=119679Kb
 bounds [0x0000015235290000, 0x0000015235500000, 0x000001523c7c0000]
CodeHeap 'profiled nmethods': size=120000Kb used=1864Kb max_used=1864Kb free=118136Kb
 bounds [0x000001522dd60000, 0x000001522dfd0000, 0x0000015235290000]
CodeHeap 'non-nmethods': size=5760Kb used=1598Kb max_used=1612Kb free=4161Kb
 bounds [0x000001522d7c0000, 0x000001522da30000, 0x000001522dd60000]
 total_blobs=2014 nmethods=968 adapters=966
 compilation: enabled
              stopped_count=0, restarted_count=0
 full_count=0

Compilation events (20 events):
Event: 1.386 Thread 0x0000015249b73000  959       4       java.util.HashMap::get (23 bytes)
Event: 1.387 Thread 0x0000015249b83000  960       3       java.io.File::isInvalid (48 bytes)
Event: 1.388 Thread 0x0000015249b83000 nmethod 960 0x000001522df2e190 code [0x000001522df2e380, 0x000001522df2e898]
Event: 1.392 Thread 0x0000015249b73000 nmethod 959 0x00000152352ddc90 code [0x00000152352dde60, 0x00000152352de658]
Event: 1.401 Thread 0x0000015249b83000  961       3       java.lang.ClassLoader::checkPackageAccess (102 bytes)
Event: 1.401 Thread 0x0000015249b83000 nmethod 961 0x000001522df2ea10 code [0x000001522df2ecc0, 0x000001522df2f828]
Event: 1.441 Thread 0x0000015249b83000  962   !   3       jdk.internal.ref.PhantomCleanable::remove (60 bytes)
Event: 1.441 Thread 0x0000015249b83000 nmethod 962 0x000001522df2fd10 code [0x000001522df2fee0, 0x000001522df303f8]
Event: 1.446 Thread 0x0000015249b83000  963       3       jdk.internal.loader.URLClassPath::getResource (74 bytes)
Event: 1.447 Thread 0x0000015249b83000 nmethod 963 0x000001522df30590 code [0x000001522df30760, 0x000001522df30ab8]
Event: 1.449 Thread 0x0000015249b73000  964       4       java.lang.Integer::getChars (131 bytes)
Event: 1.451 Thread 0x0000015249b73000 nmethod 964 0x00000152352dea90 code [0x00000152352dec40, 0x00000152352def98]
Event: 1.454 Thread 0x0000015249b83000  965       3       java.util.ArrayDeque::add (7 bytes)
Event: 1.454 Thread 0x0000015249b83000 nmethod 965 0x000001522df30c10 code [0x000001522df30dc0, 0x000001522df30f28]
Event: 1.454 Thread 0x0000015249b83000  966       3       java.util.ArrayDeque::addLast (51 bytes)
Event: 1.455 Thread 0x0000015249b83000 nmethod 966 0x000001522df31010 code [0x000001522df31200, 0x000001522df316f8]
Event: 1.455 Thread 0x0000015249b83000  967       3       java.util.ArrayDeque::pollFirst (36 bytes)
Event: 1.456 Thread 0x0000015249b83000 nmethod 967 0x000001522df31890 code [0x000001522df31a60, 0x000001522df31e98]
Event: 1.457 Thread 0x0000015249b73000  968       4       java.lang.AbstractStringBuilder::append (55 bytes)
Event: 1.464 Thread 0x0000015249b73000 nmethod 968 0x00000152352df210 code [0x00000152352df3e0, 0x00000152352dfe58]

GC Heap History (2 events):
Event: 1.437 GC heap before
{Heap before GC invocations=0 (full 0):
 garbage-first heap   total 262144K, used 23551K [0x0000000700c00000, 0x0000000800000000)
  region size 1024K, 24 young (24576K), 0 survivors (0K)
 Metaspace       used 13450K, capacity 13657K, committed 13824K, reserved 1062912K
  class space    used 888K, capacity 934K, committed 1024K, reserved 1048576K
}
Event: 1.439 GC heap after
{Heap after GC invocations=1 (full 0):
 garbage-first heap   total 262144K, used 2755K [0x0000000700c00000, 0x0000000800000000)
  region size 1024K, 3 young (3072K), 3 survivors (3072K)
 Metaspace       used 13450K, capacity 13657K, committed 13824K, reserved 1062912K
  class space    used 888K, capacity 934K, committed 1024K, reserved 1048576K
}

Deoptimization events (20 events):
Event: 1.364 Thread 0x0000015222efd000 DEOPT PACKING pc=0x000001522df1ce1c sp=0x00000044fb0ff1a0
Event: 1.364 Thread 0x0000015222efd000 DEOPT UNPACKING pc=0x000001522d7fc44e sp=0x00000044fb0fe750 mode 1
Event: 1.365 Thread 0x0000015222efd000 DEOPT PACKING pc=0x000001522df1ce1c sp=0x00000044fb0ff1a0
Event: 1.365 Thread 0x0000015222efd000 DEOPT UNPACKING pc=0x000001522d7fc44e sp=0x00000044fb0fe750 mode 1
Event: 1.366 Thread 0x0000015222efd000 DEOPT PACKING pc=0x000001522df1ce1c sp=0x00000044fb0ff1a0
Event: 1.366 Thread 0x0000015222efd000 DEOPT UNPACKING pc=0x000001522d7fc44e sp=0x00000044fb0fe750 mode 1
Event: 1.368 Thread 0x0000015222efd000 DEOPT PACKING pc=0x000001522df1ce1c sp=0x00000044fb0ff1a0
Event: 1.368 Thread 0x0000015222efd000 DEOPT UNPACKING pc=0x000001522d7fc44e sp=0x00000044fb0fe750 mode 1
Event: 1.369 Thread 0x0000015222efd000 DEOPT PACKING pc=0x000001522df1ce1c sp=0x00000044fb0ff1a0
Event: 1.369 Thread 0x0000015222efd000 DEOPT UNPACKING pc=0x000001522d7fc44e sp=0x00000044fb0fe750 mode 1
Event: 1.371 Thread 0x0000015222efd000 DEOPT PACKING pc=0x000001522df1ce1c sp=0x00000044fb0ff1a0
Event: 1.371 Thread 0x0000015222efd000 DEOPT UNPACKING pc=0x000001522d7fc44e sp=0x00000044fb0fe750 mode 1
Event: 1.372 Thread 0x0000015222efd000 DEOPT PACKING pc=0x000001522df1ce1c sp=0x00000044fb0ff1a0
Event: 1.372 Thread 0x0000015222efd000 DEOPT UNPACKING pc=0x000001522d7fc44e sp=0x00000044fb0fe750 mode 1
Event: 1.373 Thread 0x0000015222efd000 DEOPT PACKING pc=0x000001522df1ce1c sp=0x00000044fb0ff1a0
Event: 1.373 Thread 0x0000015222efd000 DEOPT UNPACKING pc=0x000001522d7fc44e sp=0x00000044fb0fe750 mode 1
Event: 1.374 Thread 0x0000015222efd000 DEOPT PACKING pc=0x000001522df1ce1c sp=0x00000044fb0ff1a0
Event: 1.374 Thread 0x0000015222efd000 DEOPT UNPACKING pc=0x000001522d7fc44e sp=0x00000044fb0fe750 mode 1
Event: 1.379 Thread 0x0000015222efd000 DEOPT PACKING pc=0x000001522df1ce1c sp=0x00000044fb0ff1a0
Event: 1.379 Thread 0x0000015222efd000 DEOPT UNPACKING pc=0x000001522d7fc44e sp=0x00000044fb0fe750 mode 1

Classes redefined (0 events):
No events

Internal exceptions (13 events):
Event: 0.143 Thread 0x0000015222efd000 Exception <a 'java/lang/NoSuchMethodError'{0x00000007108222f0}: 'void java.lang.invoke.DelegatingMethodHandle$Holder.delegate(java.lang.Object, java.lang.Object, int, java.lang.Object)'> (0x00000007108222f0) thrown at [./src/hotspot/share/interpreter/linkResolver.cpp, line 773]
Event: 0.144 Thread 0x0000015222efd000 Exception <a 'java/lang/NoSuchMethodError'{0x00000007108298f0}: 'java.lang.Object java.lang.invoke.DirectMethodHandle$Holder.invokeStaticInit(java.lang.Object, java.lang.Object, java.lang.Object)'> (0x00000007108298f0) thrown at [./src/hotspot/share/interpreter/linkResolver.cpp, line 773]
Event: 0.174 Thread 0x0000015222efd000 Exception <a 'sun/nio/fs/WindowsException'{0x000000071072fbc8}> (0x000000071072fbc8) thrown at [./src/hotspot/share/prims/jni.cpp, line 615]
Event: 0.174 Thread 0x0000015222efd000 Exception <a 'sun/nio/fs/WindowsException'{0x0000000710730128}> (0x0000000710730128) thrown at [./src/hotspot/share/prims/jni.cpp, line 615]
Event: 0.206 Thread 0x0000015222efd000 Exception <a 'sun/nio/fs/WindowsException'{0x00000007106a0948}> (0x00000007106a0948) thrown at [./src/hotspot/share/prims/jni.cpp, line 615]
Event: 0.206 Thread 0x0000015222efd000 Exception <a 'sun/nio/fs/WindowsException'{0x00000007106a0cc8}> (0x00000007106a0cc8) thrown at [./src/hotspot/share/prims/jni.cpp, line 615]
Event: 0.459 Thread 0x0000015222efd000 Exception <a 'sun/nio/fs/WindowsException'{0x0000000710554950}> (0x0000000710554950) thrown at [./src/hotspot/share/prims/jni.cpp, line 615]
Event: 0.459 Thread 0x0000015222efd000 Exception <a 'sun/nio/fs/WindowsException'{0x0000000710554d08}> (0x0000000710554d08) thrown at [./src/hotspot/share/prims/jni.cpp, line 615]
Event: 0.461 Thread 0x0000015222efd000 Exception <a 'sun/nio/fs/WindowsException'{0x000000071056f520}> (0x000000071056f520) thrown at [./src/hotspot/share/prims/jni.cpp, line 615]
Event: 0.461 Thread 0x0000015222efd000 Exception <a 'sun/nio/fs/WindowsException'{0x000000071056f810}> (0x000000071056f810) thrown at [./src/hotspot/share/prims/jni.cpp, line 615]
Event: 0.626 Thread 0x0000015222efd000 Exception <a 'java/lang/NoSuchMethodError'{0x000000070fba6210}: 'int java.lang.invoke.DirectMethodHandle$Holder.invokeSpecialIFC(java.lang.Object, java.lang.Object, int)'> (0x000000070fba6210) thrown at [./src/hotspot/share/interpreter/linkResolver.cpp, line 773]
Event: 0.638 Thread 0x0000015222efd000 Exception <a 'sun/nio/fs/WindowsException'{0x000000070fa0ae88}> (0x000000070fa0ae88) thrown at [./src/hotspot/share/prims/jni.cpp, line 615]
Event: 0.638 Thread 0x0000015222efd000 Exception <a 'sun/nio/fs/WindowsException'{0x000000070fa0b218}> (0x000000070fa0b218) thrown at [./src/hotspot/share/prims/jni.cpp, line 615]

Events (20 events):
Event: 1.456 loading class org/joml/Vector2fc
Event: 1.456 loading class org/joml/Vector2fc done
Event: 1.457 loading class org/joml/Vector2i
Event: 1.457 loading class org/joml/Vector2i done
Event: 1.457 loading class org/joml/Vector2ic
Event: 1.457 loading class org/joml/Vector2ic done
Event: 1.458 loading class org/joml/Quaternionf
Event: 1.458 loading class org/joml/Quaternionf done
Event: 1.458 loading class org/joml/Quaternionfc
Event: 1.458 loading class org/joml/Quaternionfc done
Event: 1.462 loading class org/joml/Math
Event: 1.462 loading class org/joml/Math done
Event: 1.463 loading class org/joml/Runtime
Event: 1.463 loading class org/joml/Runtime done
Event: 1.464 loading class java/lang/NumberFormatException
Event: 1.464 loading class java/lang/NumberFormatException done
Event: 1.464 loading class org/lwjgl/opengl/GL30C
Event: 1.464 loading class org/lwjgl/opengl/GL30C done
Event: 1.465 loading class org/lwjgl/opengl/GL21C
Event: 1.465 loading class org/lwjgl/opengl/GL21C done


Dynamic libraries:
0x00007ff77dee0000 - 0x00007ff77deed000 	C:\Program Files\AdoptOpenJDK\jdk-11.0.10.9-hotspot\bin\java.exe
0x00007ffaeeb30000 - 0x00007ffaeed25000 	C:\WINDOWS\SYSTEM32\ntdll.dll
0x00007ffaed2f0000 - 0x00007ffaed3ad000 	C:\WINDOWS\System32\KERNEL32.DLL
0x00007ffaec2d0000 - 0x00007ffaec599000 	C:\WINDOWS\System32\KERNELBASE.dll
0x00007ffaec660000 - 0x00007ffaec760000 	C:\WINDOWS\System32\ucrtbase.dll
0x00007ffad1550000 - 0x00007ffad1567000 	C:\Program Files\AdoptOpenJDK\jdk-11.0.10.9-hotspot\bin\jli.dll
0x00007ffad1570000 - 0x00007ffad1585000 	C:\Program Files\AdoptOpenJDK\jdk-11.0.10.9-hotspot\bin\VCRUNTIME140.dll
0x00007ffaed150000 - 0x00007ffaed2f0000 	C:\WINDOWS\System32\USER32.dll
0x00007ffad8ff0000 - 0x00007ffad928a000 	C:\WINDOWS\WinSxS\amd64_microsoft.windows.common-controls_6595b64144ccf1df_6.0.19041.1110_none_60b5254171f9507e\COMCTL32.dll
0x00007ffaec9d0000 - 0x00007ffaec9f2000 	C:\WINDOWS\System32\win32u.dll
0x00007ffaecba0000 - 0x00007ffaecbca000 	C:\WINDOWS\System32\GDI32.dll
0x00007ffaeea50000 - 0x00007ffaeeaee000 	C:\WINDOWS\System32\msvcrt.dll
0x00007ffaec8c0000 - 0x00007ffaec9cb000 	C:\WINDOWS\System32\gdi32full.dll
0x00007ffaeca00000 - 0x00007ffaeca9d000 	C:\WINDOWS\System32\msvcp_win.dll
0x00007ffaee7c0000 - 0x00007ffaee7f0000 	C:\WINDOWS\System32\IMM32.DLL
0x00007ffaa6c80000 - 0x00007ffaa6d1b000 	C:\Program Files\AdoptOpenJDK\jdk-11.0.10.9-hotspot\bin\msvcp140.dll
0x00007ffaa5880000 - 0x00007ffaa63c3000 	C:\Program Files\AdoptOpenJDK\jdk-11.0.10.9-hotspot\bin\server\jvm.dll
0x00007ffaecc30000 - 0x00007ffaeccdc000 	C:\WINDOWS\System32\ADVAPI32.dll
0x00007ffaedf20000 - 0x00007ffaedfbb000 	C:\WINDOWS\System32\sechost.dll
0x00007ffaee920000 - 0x00007ffaeea4a000 	C:\WINDOWS\System32\RPCRT4.dll
0x00007ffaed470000 - 0x00007ffaed478000 	C:\WINDOWS\System32\PSAPI.DLL
0x00007ffad77f0000 - 0x00007ffad77f9000 	C:\WINDOWS\SYSTEM32\WSOCK32.dll
0x00007ffaee5c0000 - 0x00007ffaee62b000 	C:\WINDOWS\System32\WS2_32.dll
0x00007ffae0c70000 - 0x00007ffae0c97000 	C:\WINDOWS\SYSTEM32\WINMM.dll
0x00007ffae5b80000 - 0x00007ffae5b8a000 	C:\WINDOWS\SYSTEM32\VERSION.dll
0x00007ffaea180000 - 0x00007ffaea192000 	C:\WINDOWS\SYSTEM32\kernel.appcore.dll
0x00007ffad74d0000 - 0x00007ffad74e0000 	C:\Program Files\AdoptOpenJDK\jdk-11.0.10.9-hotspot\bin\verify.dll
0x00007ffad6b90000 - 0x00007ffad6d74000 	C:\WINDOWS\SYSTEM32\DBGHELP.DLL
0x00007ffade980000 - 0x00007ffade9ac000 	C:\WINDOWS\SYSTEM32\dbgcore.DLL
0x00007ffaec5a0000 - 0x00007ffaec623000 	C:\WINDOWS\System32\bcryptPrimitives.dll
0x00007ffabaa10000 - 0x00007ffabaa38000 	C:\Program Files\AdoptOpenJDK\jdk-11.0.10.9-hotspot\bin\java.dll
0x00007ffad6830000 - 0x00007ffad683a000 	C:\Program Files\AdoptOpenJDK\jdk-11.0.10.9-hotspot\bin\jimage.dll
0x00007ffad0070000 - 0x00007ffad00a8000 	C:\Program Files\AdoptOpenJDK\jdk-11.0.10.9-hotspot\bin\jdwp.dll
0x00007ffac77f0000 - 0x00007ffac7807000 	C:\Program Files\AdoptOpenJDK\jdk-11.0.10.9-hotspot\bin\zip.dll
0x00007ffaed7e0000 - 0x00007ffaedf1f000 	C:\WINDOWS\System32\SHELL32.dll
0x00007ffaea380000 - 0x00007ffaeab11000 	C:\WINDOWS\SYSTEM32\windows.storage.dll
0x00007ffaed480000 - 0x00007ffaed7d5000 	C:\WINDOWS\System32\combase.dll
0x00007ffaebb90000 - 0x00007ffaebbbc000 	C:\WINDOWS\SYSTEM32\Wldp.dll
0x00007ffaed3b0000 - 0x00007ffaed45e000 	C:\WINDOWS\System32\SHCORE.dll
0x00007ffaee630000 - 0x00007ffaee685000 	C:\WINDOWS\System32\shlwapi.dll
0x00007ffaec1b0000 - 0x00007ffaec1cf000 	C:\WINDOWS\SYSTEM32\profapi.dll
0x00007ffae4260000 - 0x00007ffae426a000 	C:\Program Files\AdoptOpenJDK\jdk-11.0.10.9-hotspot\bin\dt_socket.dll
0x00007ffaeb910000 - 0x00007ffaeb97a000 	C:\WINDOWS\System32\mswsock.dll
0x00007ffaeb660000 - 0x00007ffaeb72c000 	C:\WINDOWS\SYSTEM32\DNSAPI.dll
0x00007ffaeb620000 - 0x00007ffaeb65b000 	C:\WINDOWS\SYSTEM32\IPHLPAPI.DLL
0x00007ffaedfc0000 - 0x00007ffaedfc8000 	C:\WINDOWS\System32\NSI.dll
0x00007ffae3070000 - 0x00007ffae30ef000 	C:\WINDOWS\System32\fwpuclnt.dll
0x00007ffaec630000 - 0x00007ffaec657000 	C:\WINDOWS\System32\bcrypt.dll
0x00007ffadeb80000 - 0x00007ffadeb8a000 	C:\Windows\System32\rasadhlp.dll
0x00007ffac73d0000 - 0x00007ffac73e9000 	C:\Program Files\AdoptOpenJDK\jdk-11.0.10.9-hotspot\bin\net.dll
0x00007ffadd4c0000 - 0x00007ffadd5ca000 	C:\WINDOWS\SYSTEM32\WINHTTP.dll
0x00007ffaba730000 - 0x00007ffaba742000 	C:\Program Files\AdoptOpenJDK\jdk-11.0.10.9-hotspot\bin\nio.dll
0x00007ffac7690000 - 0x00007ffac76f4000 	C:\Users\Nicola\AppData\Local\Temp\lwjglNicola\3.2.3-build-13\lwjgl.dll
0x00007ffac75b0000 - 0x00007ffac7612000 	C:\Users\Nicola\AppData\Local\Temp\lwjglNicola\3.2.3-build-13\glfw.dll
0x00007ffae9ca0000 - 0x00007ffae9d3e000 	C:\WINDOWS\system32\uxtheme.dll
0x00007ffac9180000 - 0x00007ffac91c5000 	C:\WINDOWS\SYSTEM32\dinput8.dll
0x00007ffae1eb0000 - 0x00007ffae1ec1000 	C:\WINDOWS\SYSTEM32\xinput1_4.dll
0x00007ffaecaa0000 - 0x00007ffaecaee000 	C:\WINDOWS\System32\cfgmgr32.dll
0x00007ffaec020000 - 0x00007ffaec04c000 	C:\WINDOWS\SYSTEM32\DEVOBJ.dll
0x00007ffae9fa0000 - 0x00007ffae9fcf000 	C:\WINDOWS\SYSTEM32\dwmapi.dll
0x00007ffade180000 - 0x00007ffade2d2000 	C:\WINDOWS\SYSTEM32\inputhost.dll
0x00007ffaedfd0000 - 0x00007ffaee09d000 	C:\WINDOWS\System32\OLEAUT32.dll
0x00007ffae97d0000 - 0x00007ffae98c2000 	C:\WINDOWS\SYSTEM32\CoreMessaging.dll
0x00007ffae7ba0000 - 0x00007ffae7c96000 	C:\WINDOWS\SYSTEM32\PROPSYS.dll
0x00007ffae8da0000 - 0x00007ffae8ef4000 	C:\WINDOWS\SYSTEM32\wintypes.dll
0x00007ffae9470000 - 0x00007ffae97ce000 	C:\WINDOWS\SYSTEM32\CoreUIComponents.dll
0x00007ffaeaf60000 - 0x00007ffaeaf93000 	C:\WINDOWS\SYSTEM32\ntmarta.dll
0x00007ffaee4a0000 - 0x00007ffaee5b5000 	C:\WINDOWS\System32\MSCTF.dll
0x00007ffaeab20000 - 0x00007ffaeab2d000 	C:\WINDOWS\SYSTEM32\HID.DLL
0x00007ffaecce0000 - 0x00007ffaed149000 	C:\WINDOWS\System32\SETUPAPI.DLL
0x00007ffaec270000 - 0x00007ffaec2d0000 	C:\WINDOWS\System32\WINTRUST.dll
0x00007ffaec760000 - 0x00007ffaec8bf000 	C:\WINDOWS\System32\CRYPT32.dll
0x00007ffaebe60000 - 0x00007ffaebe72000 	C:\WINDOWS\SYSTEM32\MSASN1.dll
0x00007ffac7480000 - 0x00007ffac75a5000 	C:\WINDOWS\SYSTEM32\opengl32.dll
0x00007ffad0700000 - 0x00007ffad072c000 	C:\WINDOWS\SYSTEM32\GLU32.dll
0x00007ffaee870000 - 0x00007ffaee919000 	C:\WINDOWS\System32\clbcatq.dll
0x00007ffaa2250000 - 0x00007ffaa4be9000 	C:\WINDOWS\System32\DriverStore\FileRepository\nv_dispi.inf_amd64_1c83a5d7cffd7bff\nvoglv64.dll
0x00007ffaee690000 - 0x00007ffaee7ba000 	C:\WINDOWS\System32\ole32.dll
0x00007ffae7fb0000 - 0x00007ffae7fc4000 	C:\WINDOWS\SYSTEM32\WTSAPI32.dll
0x00007ffae5ab0000 - 0x00007ffae5ae1000 	C:\WINDOWS\SYSTEM32\cryptnet.dll
0x00007ffaeba90000 - 0x00007ffaeba9c000 	C:\WINDOWS\SYSTEM32\cryptbase.dll
0x00007ffae7620000 - 0x00007ffae765b000 	C:\WINDOWS\SYSTEM32\dxcore.dll
0x00007ffaebc30000 - 0x00007ffaebc7b000 	C:\WINDOWS\SYSTEM32\powrprof.dll
0x00007ffaebc10000 - 0x00007ffaebc22000 	C:\WINDOWS\SYSTEM32\UMPDC.dll
0x00007ffaebb30000 - 0x00007ffaebb8a000 	C:\WINDOWS\SYSTEM32\WINSTA.dll
0x00007ffaddf00000 - 0x00007ffaddff9000 	C:\WINDOWS\SYSTEM32\textinputframework.dll
0x00007ffac7420000 - 0x00007ffac7479000 	C:\Users\Nicola\AppData\Local\Temp\lwjglNicola\3.2.3-build-13\lwjgl_opengl.dll
0x00007ffac6f70000 - 0x00007ffac6fe7000 	C:\Users\Nicola\AppData\Local\Temp\lwjglNicola\3.2.3-build-13\lwjgl_stb.dll

dbghelp: loaded successfully - version: 4.0.5 - missing functions: none
symbol engine: initialized successfully - sym options: 0x614 - pdb path: .;C:\Program Files\AdoptOpenJDK\jdk-11.0.10.9-hotspot\bin;C:\WINDOWS\SYSTEM32;C:\WINDOWS\WinSxS\amd64_microsoft.windows.common-controls_6595b64144ccf1df_6.0.19041.1110_none_60b5254171f9507e;C:\Program Files\AdoptOpenJDK\jdk-11.0.10.9-hotspot\bin\server;C:\Users\Nicola\AppData\Local\Temp\lwjglNicola\3.2.3-build-13;C:\WINDOWS\System32\DriverStore\FileRepository\nv_dispi.inf_amd64_1c83a5d7cffd7bff

VM Arguments:
jvm_args: -agentlib:jdwp=transport=dt_socket,server=n,suspend=y,address=localhost:8292 -Dfile.encoding=UTF-8 
java_command: com.yellow.game.Main
java_class_path (initial): D:\Workspace\Java\LWJGL\yellow\target\classes;C:\Users\Nicola\.m2\repository\org\lwjgl\lwjgl\3.2.3\lwjgl-3.2.3.jar;C:\Users\Nicola\.m2\repository\org\lwjgl\lwjgl-assimp\3.2.3\lwjgl-assimp-3.2.3.jar;C:\Users\Nicola\.m2\repository\org\lwjgl\lwjgl-bgfx\3.2.3\lwjgl-bgfx-3.2.3.jar;C:\Users\Nicola\.m2\repository\org\lwjgl\lwjgl-glfw\3.2.3\lwjgl-glfw-3.2.3.jar;C:\Users\Nicola\.m2\repository\org\lwjgl\lwjgl-nanovg\3.2.3\lwjgl-nanovg-3.2.3.jar;C:\Users\Nicola\.m2\repository\org\lwjgl\lwjgl-nuklear\3.2.3\lwjgl-nuklear-3.2.3.jar;C:\Users\Nicola\.m2\repository\org\lwjgl\lwjgl-openal\3.2.3\lwjgl-openal-3.2.3.jar;C:\Users\Nicola\.m2\repository\org\lwjgl\lwjgl-opengl\3.2.3\lwjgl-opengl-3.2.3.jar;C:\Users\Nicola\.m2\repository\org\lwjgl\lwjgl-par\3.2.3\lwjgl-par-3.2.3.jar;C:\Users\Nicola\.m2\repository\org\lwjgl\lwjgl-stb\3.2.3\lwjgl-stb-3.2.3.jar;C:\Users\Nicola\.m2\repository\org\lwjgl\lwjgl-vulkan\3.2.3\lwjgl-vulkan-3.2.3.jar;C:\Users\Nicola\.m2\repository\org\lwjgl\lwjgl\3.2.3\lwjgl-3.2.3-natives-windows.jar;C:\Users\Nicola\.m2\repository\org\lwjgl\lwjgl-assimp\3.2.3\lwjgl-assimp-3.2.3-natives-windows.jar;C:\Users\Nicola\.m2\repository\org\lwjgl\lwjgl-bgfx\3.2.3\lwjgl-bgfx-3.2.3-natives-windows.jar;C:\Users\Nicola\.m2\repository\org\lwjgl\lwjgl-glfw\3.2.3\lwjgl-glfw-3.2.3-natives-windows.jar;C:\Users\Nicola\.m2\repository\org\lwjgl\lwjgl-nanovg\3.2.3\lwjgl-nanovg-3.2.3-natives-windows.jar;C:\Users\Nicola\.m2\repository\org\lwjgl\lwjgl-nuklear\3.2.3\lwjgl-nuklear-3.2.3-natives-windows.jar;C:\Users\Nicola\.m2\repository\org\lwjgl\lwjgl-openal\3.2.3\lwjgl-openal-3.2.3-natives-windows.jar;C:\Users\Nicola\.m2\repository\org\lwjgl\lwjgl-opengl\3.2.3\lwjgl-opengl-3.2.3-natives-windows.jar;C:\Users\Nicola\.m2\repository\org\lwjgl\lwjgl-par\3.2.3\lwjgl-par-3.2.3-natives-windows.jar;C:\Users\Nicola\.m2\repository\org\lwjgl\lwjgl-stb\3.2.3\lwjgl-stb-3.2.3-natives-windows.jar;C:\Users\Nicola\.m2\repository\org\joml\joml\1.10.1\joml-1.10.1.jar
Launcher Type: SUN_STANDARD

[Global flags]
     intx CICompilerCount                          = 4                                         {product} {ergonomic}
     uint ConcGCThreads                            = 3                                         {product} {ergonomic}
     uint G1ConcRefinementThreads                  = 10                                        {product} {ergonomic}
   size_t G1HeapRegionSize                         = 1048576                                   {product} {ergonomic}
    uintx GCDrainStackTargetSize                   = 64                                        {product} {ergonomic}
   size_t InitialHeapSize                          = 268435456                                 {product} {ergonomic}
   size_t MarkStackSize                            = 4194304                                   {product} {ergonomic}
   size_t MaxHeapSize                              = 4282384384                                {product} {ergonomic}
   size_t MaxNewSize                               = 2569011200                                {product} {ergonomic}
   size_t MinHeapDeltaBytes                        = 1048576                                   {product} {ergonomic}
    uintx NonNMethodCodeHeapSize                   = 5836300                                {pd product} {ergonomic}
    uintx NonProfiledCodeHeapSize                  = 122910970                              {pd product} {ergonomic}
    uintx ProfiledCodeHeapSize                     = 122910970                              {pd product} {ergonomic}
    uintx ReservedCodeCacheSize                    = 251658240                              {pd product} {ergonomic}
     bool SegmentedCodeCache                       = true                                      {product} {ergonomic}
     bool UseCompressedClassPointers               = true                                 {lp64_product} {ergonomic}
     bool UseCompressedOops                        = true                                 {lp64_product} {ergonomic}
     bool UseG1GC                                  = true                                      {product} {ergonomic}
     bool UseLargePagesIndividualAllocation        = false                                  {pd product} {ergonomic}

Logging:
Log output configuration:
 #0: stdout all=warning uptime,level,tags
 #1: stderr all=off uptime,level,tags

Environment Variables:
JAVA_HOME=C:\Program Files\AdoptOpenJDK\jdk-11.0.10.9-hotspot\
PATH=C:\Program Files\AdoptOpenJDK\jdk-16.0.1.9-hotspot\bin;C:\Program Files\AdoptOpenJDK\jdk-11.0.10.9-hotspot\bin;C:\ProgramData\Oracle\Java\javapath;C:\Program Files\Common Files\Oracle\Java\javapath;C:\Program Files\Python37\Scripts\;C:\Program Files\Python37\;C:\Program Files (x86)\Python38-32\Scripts\;C:\Program Files (x86)\Python38-32\;C:\Program Files (x86)\Common Files\Oracle\Java\javapath;C:\Python38\Scripts\;C:\Python38\;C:\Windows\system32;C:\Windows;C:\Windows\System32\Wbem;C:\Windows\System32\WindowsPowerShell\v1.0\;C:\Windows\System32\OpenSSH\;C:\Program Files (x86)\NVIDIA Corporation\PhysX\Common;C:\Program Files (x86)\Windows Kits\10\Windows Performance Toolkit\;C:\Gradle\gradle-6.6\bin;C:\Maven\apache-maven-3.6.3\bin;C:\Program Files\dotnet\;C:\Program Files\Microsoft SQL Server\130\Tools\Binn\;C:\Program Files\Microsoft SQL Server\Client SDK\ODBC\170\Tools\Binn\;C:\Program Files\ChromeDriver\;C:\Users\Nicola\AppData\Local\Programs\Python\Python39\Scripts\;C:\Users\Nicola\AppData\Local\Programs\Python\Python39\;C:\Program Files\GeneratorFabricMod\bin;C:\HaxeToolkit\haxe;C:\HaxeToolkit\neko;C:\Program Files\mingw-w64\x86_64-8.1.0-posix-seh-rt_v6-rev0\mingw64\bin;C:\HaxeToolkit\haxe;C:\HaxeToolkit\neko;C:\Program Files\LOVE;C:\Program Files\nodejs\;C:\vcpkg;C:\Program Files\CMake\bin;C:\Program Files\Lua;C:\Program Files\Git\cmd;C:\Program Files\PuTTY\;C:\Program Files\LuaRocks;;C:\WINDOWS\system32;C:\WINDOWS;C:\WINDOWS\System32\Wbem;C:\WINDOWS\System32\WindowsPowerShell\v1.0\;C:\WINDOWS\System32\OpenSSH\;C:\Yarn\bin\;C:\Ruby27-x64\bin;C:\Program Files\Common Files\Oracle\Java\javapath;C:\Program Files\Python37\Scripts\;C:\Program Files\Python37\;C:\Program Files (x86)\Python38-32\Scripts\;C:\Program Files (x86)\Python38-32\;C:\Program Files (x86)\Common Files\Oracle\Java\javapath;C:\Python38\Scripts\;C:\Python38\;C:\Windows\system32;C:\Windows;C:\Windows\System32\Wbem;C:\Windows\System32\WindowsPowerShell\v1.0\;C:\Windows\System32\OpenSSH\;C:\Program F
USERNAME=Nicola
LANG=en_US.UTF-8
OS=Windows_NT
PROCESSOR_IDENTIFIER=AMD64 Family 23 Model 113 Stepping 0, AuthenticAMD



---------------  S Y S T E M  ---------------

OS: Windows 10 , 64 bit Build 19041 (10.0.19041.1023)
OS uptime: 4 days 13:11 hours
Hyper-V role detected

CPU:total 12 (initial active 12) (12 cores per cpu, 2 threads per core) family 23 model 113 stepping 0 microcode 0x0, cmov, cx8, fxsr, mmx, sse, sse2, sse3, ssse3, sse4.1, sse4.2, popcnt, avx, avx2, aes, clmul, mmxext, 3dnowpref, lzcnt, sse4a, ht, tsc, tscinvbit, tscinv, bmi1, bmi2, adx,

Memory: 4k page, system-wide physical 16333M (10600M free)
TotalPageFile size 18765M (AvailPageFile size 10018M)
current process WorkingSet (physical memory assigned to process): 118M, peak: 118M
current process commit charge ("private bytes"): 402M, peak: 403M

vm_info: OpenJDK 64-Bit Server VM (11.0.10+9) for windows-amd64 JRE (11.0.10+9), built on Jan 20 2021 06:07:07 by "" with MS VC++ 15.9 (VS2017)

END.
