#
# A fatal error has been detected by the Java Runtime Environment:
#
#  EXCEPTION_ACCESS_VIOLATION (0xc0000005) at pc=0x0000000064a36c0c, pid=696, tid=10628
#
# JRE version: OpenJDK Runtime Environment AdoptOpenJDK (11.0.10+9) (build 11.0.10+9)
# Java VM: OpenJDK 64-Bit Server VM AdoptOpenJDK (11.0.10+9, mixed mode, tiered, compressed oops, g1 gc, windows-amd64)
# Problematic frame:
# C  [imgui-java64.dll+0x36c0c]
#
# No core dump will be written. Minidumps are not enabled by default on client versions of Windows
#
# If you would like to submit a bug report, please visit:
#   https://github.com/AdoptOpenJDK/openjdk-support/issues
# The crash happened outside the Java Virtual Machine in native code.
# See problematic frame for where to report the bug.
#

---------------  S U M M A R Y ------------

Command Line: -agentlib:jdwp=transport=dt_socket,server=n,suspend=y,address=localhost:33356 -Dfile.encoding=UTF-8 com.yellow.game.Main

Host: AMD Ryzen 5 3600 6-Core Processor              , 12 cores, 15G,  Windows 10 , 64 bit Build 19041 (10.0.19041.1023)
Time: Wed Aug  4 15:19:15 2021 ora legale Europa occidentale elapsed time: 1.057119 seconds (0d 0h 0m 1s)

---------------  T H R E A D  ---------------

Current thread (0x0000018279c92800):  JavaThread "Yellow Game Engine" [_thread_in_native, id=10628, stack(0x00000072db200000,0x00000072db300000)]

Stack: [0x00000072db200000,0x00000072db300000],  sp=0x00000072db2ff050,  free space=1020k
Native frames: (J=compiled Java code, j=interpreted, Vv=VM code, C=native code)
C  [imgui-java64.dll+0x36c0c]

Java frames: (J=compiled Java code, j=interpreted, Vv=VM code)
j  imgui.ImGui.destroyContext()V+0
j  com.yellow.engine.windows.ImGuiLayer.dispose()V+28
j  com.yellow.engine.Engine.dispose()V+20
j  com.yellow.engine.Engine.run()V+33
j  com.yellow.game.Main.main([Ljava/lang/String;)V+42
v  ~StubRoutines::call_stub

siginfo: EXCEPTION_ACCESS_VIOLATION (0xc0000005), reading address 0x00000000000000a8


Register to memory mapping:

RIP=0x0000000064a36c0c imgui-java64.dll
RAX=0x0000000064a59f70 imgui-java64.dll
RBX=0x0 is NULL
RCX=0x0 is NULL
RDX=0x00000072db2ff170 is pointing into the stack for thread: 0x0000018279c92800
RSP=0x00000072db2ff050 is pointing into the stack for thread: 0x0000018279c92800
RBP=0x00000072db2ff160 is pointing into the stack for thread: 0x0000018279c92800
RSI=0x00000182251b88f8 points into unknown readable memory: 0x80001a01ee8fbcfd | fd bc 8f ee 01 1a 00 80
RDI=0x000001820861ccfd is at code_begin+7581 in an Interpreter codelet
invoke return entry points  [0x000001820861af60, 0x000001820861d020]  8384 bytes
R8 =0x0000000000000008 is an unknown value
R9 =0x0000000000000002 is an unknown value
R10=0x0000018208626093 is at code_begin+1971 in an Interpreter codelet
method entry point (kind = native)  [0x00000182086258e0, 0x0000018208626be0]  4864 bytes
R11=0x000000070b232060 is an oop: java.lang.Class 
{0x000000070b232060} - klass: 'java/lang/Class'
R12=0x0 is NULL
R13={method} {0x0000018227302610} 'destroyContext' '()V' in 'imgui/ImGui'
R14=0x00000072db2ff178 is pointing into the stack for thread: 0x0000018279c92800
R15=0x0000018279c92800 is a thread


Registers:
RAX=0x0000000064a59f70, RBX=0x0000000000000000, RCX=0x0000000000000000, RDX=0x00000072db2ff170
RSP=0x00000072db2ff050, RBP=0x00000072db2ff160, RSI=0x00000182251b88f8, RDI=0x000001820861ccfd
R8 =0x0000000000000008, R9 =0x0000000000000002, R10=0x0000018208626093, R11=0x000000070b232060
R12=0x0000000000000000, R13=0x0000018227302608, R14=0x00000072db2ff178, R15=0x0000018279c92800
RIP=0x0000000064a36c0c, EFLAGS=0x0000000000010206

Top of Stack: (sp=0x00000072db2ff050)
0x00000072db2ff050:   0000018227302608 0000018279c92800
0x00000072db2ff060:   00000072db2ff5f0 00007ffbe3ee87f3
0x00000072db2ff070:   00000072db2ff090 0000000000000000
0x00000072db2ff080:   00000182251b88f8 000001820861ccfd
0x00000072db2ff090:   00000072db2ff160 0000000000000000
0x00000072db2ff0a0:   0000018227302608 0000000064a512d7
0x00000072db2ff0b0:   0000018227302608 0000018208625d87
0x00000072db2ff0c0:   0000018279c92800 0000018227302608
0x00000072db2ff0d0:   0000018279c92800 0000018227302608
0x00000072db2ff0e0:   0000000000000000 00000182086260c2
0x00000072db2ff0f0:   0000018279c92800 0000018227302608
0x00000072db2ff100:   00000072db2ff160 00000182251b88f8
0x00000072db2ff110:   0000018208625996 00000072db2ff118
0x00000072db2ff120:   0000018227302608 00000072db2ff178
0x00000072db2ff130:   000001822732d870 0000000000000000
0x00000072db2ff140:   000000070b232060 0000018227302608 

Instructions: (pc=0x0000000064a36c0c)
0x0000000064a36b0c:   fe ff ff 90 53 48 83 ec 20 48 89 cb 48 8b 49 38
0x0000000064a36b1c:   48 85 c9 74 05 e8 fa 18 fe ff 48 8b 4b 30 48 c7
0x0000000064a36b2c:   43 38 00 00 00 00 48 c7 43 20 00 00 00 00 48 c7
0x0000000064a36b3c:   43 18 00 00 00 00 48 85 c9 74 21 48 8b 05 5a 4b
0x0000000064a36b4c:   46 00 48 85 c0 74 07 83 a8 b0 03 00 00 01 48 8b
0x0000000064a36b5c:   15 5f 4c 46 00 ff 15 01 85 3b 00 90 48 83 c4 20
0x0000000064a36b6c:   5b c3 66 90 41 54 48 83 ec 20 49 89 cc e8 92 ff
0x0000000064a36b7c:   ff ff 48 8b 05 23 4b 46 00 48 85 c0 74 07 83 a8
0x0000000064a36b8c:   b0 03 00 00 01 48 8b 15 28 4c 46 00 4c 89 e1 48
0x0000000064a36b9c:   83 c4 20 41 5c 48 ff 25 c0 84 3b 00 0f 1f 84 00
0x0000000064a36bac:   00 00 00 00 56 53 48 83 ec 28 8b 81 c8 31 00 00
0x0000000064a36bbc:   48 89 ce 85 c0 7e 2d 31 db 0f 1f 00 48 89 d8 48
0x0000000064a36bcc:   c1 e0 04 48 03 86 d0 31 00 00 48 8b 48 08 48 85
0x0000000064a36bdc:   c9 74 05 e8 8c ff ff ff 48 83 c3 01 39 9e c8 31
0x0000000064a36bec:   00 00 7f d8 48 83 c4 28 5b 5e c3 66 0f 1f 84 00
0x0000000064a36bfc:   00 00 00 00 41 55 41 54 55 57 56 53 48 83 ec 28
0x0000000064a36c0c:   4c 8b a1 a8 00 00 00 48 89 cb 4d 85 e4 74 0a 80
0x0000000064a36c1c:   79 01 00 0f 85 fb 0a 00 00 48 c7 83 a8 00 00 00
0x0000000064a36c2c:   00 00 00 00 80 3b 00 0f 84 b8 0a 00 00 80 bb 00
0x0000000064a36c3c:   32 00 00 00 48 8b 35 61 4a 46 00 0f 85 b3 0a 00
0x0000000064a36c4c:   00 48 89 1d 54 4a 46 00 e8 27 eb ff ff 48 89 d9
0x0000000064a36c5c:   48 89 35 45 4a 46 00 e8 48 ff ff ff 48 89 d9 ba
0x0000000064a36c6c:   06 00 00 00 e8 db cb fe ff 44 8b 93 b8 1c 00 00
0x0000000064a36c7c:   48 8b 8b c0 1c 00 00 45 85 d2 7e 4f 31 f6 66 0f
0x0000000064a36c8c:   1f 44 00 00 4c 8b 24 f1 4d 85 e4 74 32 4c 89 e1
0x0000000064a36c9c:   e8 5f b3 fe ff 48 8b 05 00 4a 46 00 48 85 c0 74
0x0000000064a36cac:   07 83 a8 b0 03 00 00 01 4c 89 e1 48 8b 15 02 4b
0x0000000064a36cbc:   46 00 ff 15 a4 83 3b 00 48 8b 8b c0 1c 00 00 48
0x0000000064a36ccc:   83 c6 01 39 b3 b8 1c 00 00 7f b9 48 85 c9 74 36
0x0000000064a36cdc:   48 8b 05 c5 49 46 00 48 c7 83 b8 1c 00 00 00 00
0x0000000064a36cec:   00 00 48 85 c0 74 07 83 a8 b0 03 00 00 01 48 8b
0x0000000064a36cfc:   15 bf 4a 46 00 ff 15 61 83 3b 00 48 c7 83 c0 1c 


Stack slot to memory mapping:
stack at sp + 0 slots: {method} {0x0000018227302610} 'destroyContext' '()V' in 'imgui/ImGui'
stack at sp + 1 slots: 0x0000018279c92800 is a thread
stack at sp + 2 slots: 0x00000072db2ff5f0 is pointing into the stack for thread: 0x0000018279c92800
stack at sp + 3 slots: 0x00007ffbe3ee87f3 jvm.dll
stack at sp + 4 slots: 0x00000072db2ff090 is pointing into the stack for thread: 0x0000018279c92800
stack at sp + 5 slots: 0x0 is NULL
stack at sp + 6 slots: 0x00000182251b88f8 points into unknown readable memory: 0x80001a01ee8fbcfd | fd bc 8f ee 01 1a 00 80
stack at sp + 7 slots: 0x000001820861ccfd is at code_begin+7581 in an Interpreter codelet
invoke return entry points  [0x000001820861af60, 0x000001820861d020]  8384 bytes


---------------  P R O C E S S  ---------------

Threads class SMR info:
_java_thread_list=0x00000182251e60a0, length=15, elements={
0x0000018279c92800, 0x000001821de20800, 0x000001821de2a000, 0x000001821e738000,
0x000001821e739000, 0x000001821e73b800, 0x000001821e73e000, 0x000001821e733000,
0x000001821e735800, 0x000001821e8d8000, 0x000001821e8db800, 0x000001821e8dc000,
0x000001821e900800, 0x0000018224d39800, 0x00000182255da800
}

Java Threads: ( => current thread )
=>0x0000018279c92800 JavaThread "Yellow Game Engine" [_thread_in_native, id=10628, stack(0x00000072db200000,0x00000072db300000)]
  0x000001821de20800 JavaThread "Reference Handler" daemon [_thread_blocked, id=13300, stack(0x00000072db900000,0x00000072dba00000)]
  0x000001821de2a000 JavaThread "Finalizer" daemon [_thread_blocked, id=9172, stack(0x00000072dba00000,0x00000072dbb00000)]
  0x000001821e738000 JavaThread "Signal Dispatcher" daemon [_thread_blocked, id=2496, stack(0x00000072dbb00000,0x00000072dbc00000)]
  0x000001821e739000 JavaThread "Attach Listener" daemon [_thread_blocked, id=11752, stack(0x00000072dbc00000,0x00000072dbd00000)]
  0x000001821e73b800 JavaThread "Service Thread" daemon [_thread_blocked, id=9772, stack(0x00000072dbd00000,0x00000072dbe00000)]
  0x000001821e73e000 JavaThread "C2 CompilerThread0" daemon [_thread_blocked, id=8752, stack(0x00000072dbe00000,0x00000072dbf00000)]
  0x000001821e733000 JavaThread "C1 CompilerThread0" daemon [_thread_blocked, id=10852, stack(0x00000072dbf00000,0x00000072dc000000)]
  0x000001821e735800 JavaThread "Sweeper thread" daemon [_thread_blocked, id=3108, stack(0x00000072dc000000,0x00000072dc100000)]
  0x000001821e8d8000 JavaThread "JDWP Transport Listener: dt_socket" daemon [_thread_blocked, id=4540, stack(0x00000072dc100000,0x00000072dc200000)]
  0x000001821e8db800 JavaThread "JDWP Event Helper Thread" daemon [_thread_blocked, id=12596, stack(0x00000072dc200000,0x00000072dc300000)]
  0x000001821e8dc000 JavaThread "JDWP Command Reader" daemon [_thread_in_native, id=13484, stack(0x00000072dc300000,0x00000072dc400000)]
  0x000001821e900800 JavaThread "Common-Cleaner" daemon [_thread_blocked, id=8244, stack(0x00000072dc500000,0x00000072dc600000)]
  0x0000018224d39800 JavaThread "C2 CompilerThread1" daemon [_thread_blocked, id=13940, stack(0x00000072dcc00000,0x00000072dcd00000)]
  0x00000182255da800 JavaThread "C2 CompilerThread2" daemon [_thread_in_native, id=10480, stack(0x00000072dd200000,0x00000072dd300000)]

Other Threads:
  0x000001821de1d000 VMThread "VM Thread" [stack: 0x00000072db800000,0x00000072db900000] [id=2188]
  0x000001821e8f2800 WatcherThread [stack: 0x00000072dc400000,0x00000072dc500000] [id=13492]
  0x0000018279cac000 GCTaskThread "GC Thread#0" [stack: 0x00000072db300000,0x00000072db400000] [id=9548]
  0x000001821ef86800 GCTaskThread "GC Thread#1" [stack: 0x00000072dcd00000,0x00000072dce00000] [id=6892]
  0x0000018225128000 GCTaskThread "GC Thread#2" [stack: 0x00000072dce00000,0x00000072dcf00000] [id=11560]
  0x0000018224fcf000 GCTaskThread "GC Thread#3" [stack: 0x00000072dcf00000,0x00000072dd000000] [id=3084]
  0x00000182251b5000 GCTaskThread "GC Thread#4" [stack: 0x00000072dd000000,0x00000072dd100000] [id=9176]
  0x00000182251b5800 GCTaskThread "GC Thread#5" [stack: 0x00000072dd100000,0x00000072dd200000] [id=12060]
  0x0000018279d0c000 ConcurrentGCThread "G1 Main Marker" [stack: 0x00000072db400000,0x00000072db500000] [id=9956]
  0x0000018279d0f000 ConcurrentGCThread "G1 Conc#0" [stack: 0x00000072db500000,0x00000072db600000] [id=14036]
  0x000001821dd07000 ConcurrentGCThread "G1 Refine#0" [stack: 0x00000072db600000,0x00000072db700000] [id=9636]
  0x0000018224f2e000 ConcurrentGCThread "G1 Refine#1" [stack: 0x00000072dd300000,0x00000072dd400000] [id=5572]
  0x000001821dd09000 ConcurrentGCThread "G1 Young RemSet Sampling" [stack: 0x00000072db700000,0x00000072db800000] [id=11664]

Threads with active compile tasks:
C2 CompilerThread2   1076  992       4       com.yellow.engine.handlers.MeshHandler$Face::<init> (54 bytes)

VM state:not at safepoint (normal execution)

VM Mutex/Monitor currently owned by a thread: None

Heap address: 0x0000000700c00000, size: 4084 MB, Compressed Oops mode: Zero based, Oop shift amount: 3
Narrow klass base: 0x0000000800000000, Narrow klass shift: 0
Compressed class space size: 1073741824 Address: 0x0000000800000000

Heap:
 garbage-first heap   total 262144K, used 114692K [0x0000000700c00000, 0x0000000800000000)
  region size 1024K, 104 young (106496K), 13 survivors (13312K)
 Metaspace       used 13424K, capacity 13626K, committed 13824K, reserved 1062912K
  class space    used 923K, capacity 966K, committed 1024K, reserved 1048576K
Heap Regions: E=young(eden), S=young(survivor), O=old, HS=humongous(starts), HC=humongous(continues), CS=collection set, F=free, A=archive, TAMS=top-at-mark-start (previous, next)
|   0|0x0000000700c00000, 0x0000000700d00000, 0x0000000700d00000|100%| O|  |TAMS 0x0000000700c00000, 0x0000000700c00000| Untracked 
|   1|0x0000000700d00000, 0x0000000700e00000, 0x0000000700e00000|100%| O|  |TAMS 0x0000000700d00000, 0x0000000700d00000| Untracked 
|   2|0x0000000700e00000, 0x0000000700f00000, 0x0000000700f00000|100%| O|  |TAMS 0x0000000700e00000, 0x0000000700e00000| Untracked 
|   3|0x0000000700f00000, 0x0000000701000000, 0x0000000701000000|100%| O|  |TAMS 0x0000000700f00000, 0x0000000700f00000| Untracked 
|   4|0x0000000701000000, 0x0000000701100000, 0x0000000701100000|100%| O|  |TAMS 0x0000000701000000, 0x0000000701000000| Untracked 
|   5|0x0000000701100000, 0x0000000701132800, 0x0000000701200000| 19%| O|  |TAMS 0x0000000701100000, 0x0000000701100000| Untracked 
|   6|0x0000000701200000, 0x0000000701300000, 0x0000000701300000|100%|HS|  |TAMS 0x0000000701200000, 0x0000000701200000| Complete 
|   7|0x0000000701300000, 0x0000000701400000, 0x0000000701400000|100%|HS|  |TAMS 0x0000000701300000, 0x0000000701300000| Complete 
|   8|0x0000000701400000, 0x0000000701500000, 0x0000000701500000|100%|HS|  |TAMS 0x0000000701400000, 0x0000000701400000| Complete 
|   9|0x0000000701500000, 0x0000000701600000, 0x0000000701600000|100%|HS|  |TAMS 0x0000000701500000, 0x0000000701500000| Complete 
|  10|0x0000000701600000, 0x0000000701700000, 0x0000000701700000|100%|HS|  |TAMS 0x0000000701600000, 0x0000000701600000| Complete 
|  11|0x0000000701700000, 0x0000000701700000, 0x0000000701800000|  0%| F|  |TAMS 0x0000000701700000, 0x0000000701700000| Untracked 
|  12|0x0000000701800000, 0x0000000701800000, 0x0000000701900000|  0%| F|  |TAMS 0x0000000701800000, 0x0000000701800000| Untracked 
|  13|0x0000000701900000, 0x0000000701900000, 0x0000000701a00000|  0%| F|  |TAMS 0x0000000701900000, 0x0000000701900000| Untracked 
|  14|0x0000000701a00000, 0x0000000701a00000, 0x0000000701b00000|  0%| F|  |TAMS 0x0000000701a00000, 0x0000000701a00000| Untracked 
|  15|0x0000000701b00000, 0x0000000701b00000, 0x0000000701c00000|  0%| F|  |TAMS 0x0000000701b00000, 0x0000000701b00000| Untracked 
|  16|0x0000000701c00000, 0x0000000701c00000, 0x0000000701d00000|  0%| F|  |TAMS 0x0000000701c00000, 0x0000000701c00000| Untracked 
|  17|0x0000000701d00000, 0x0000000701d00000, 0x0000000701e00000|  0%| F|  |TAMS 0x0000000701d00000, 0x0000000701d00000| Untracked 
|  18|0x0000000701e00000, 0x0000000701e00000, 0x0000000701f00000|  0%| F|  |TAMS 0x0000000701e00000, 0x0000000701e00000| Untracked 
|  19|0x0000000701f00000, 0x0000000701f00000, 0x0000000702000000|  0%| F|  |TAMS 0x0000000701f00000, 0x0000000701f00000| Untracked 
|  20|0x0000000702000000, 0x0000000702000000, 0x0000000702100000|  0%| F|  |TAMS 0x0000000702000000, 0x0000000702000000| Untracked 
|  21|0x0000000702100000, 0x0000000702100000, 0x0000000702200000|  0%| F|  |TAMS 0x0000000702100000, 0x0000000702100000| Untracked 
|  22|0x0000000702200000, 0x0000000702200000, 0x0000000702300000|  0%| F|  |TAMS 0x0000000702200000, 0x0000000702200000| Untracked 
|  23|0x0000000702300000, 0x0000000702300000, 0x0000000702400000|  0%| F|  |TAMS 0x0000000702300000, 0x0000000702300000| Untracked 
|  24|0x0000000702400000, 0x0000000702400000, 0x0000000702500000|  0%| F|  |TAMS 0x0000000702400000, 0x0000000702400000| Untracked 
|  25|0x0000000702500000, 0x0000000702500000, 0x0000000702600000|  0%| F|  |TAMS 0x0000000702500000, 0x0000000702500000| Untracked 
|  26|0x0000000702600000, 0x0000000702600000, 0x0000000702700000|  0%| F|  |TAMS 0x0000000702600000, 0x0000000702600000| Untracked 
|  27|0x0000000702700000, 0x0000000702700000, 0x0000000702800000|  0%| F|  |TAMS 0x0000000702700000, 0x0000000702700000| Untracked 
|  28|0x0000000702800000, 0x0000000702800000, 0x0000000702900000|  0%| F|  |TAMS 0x0000000702800000, 0x0000000702800000| Untracked 
|  29|0x0000000702900000, 0x0000000702900000, 0x0000000702a00000|  0%| F|  |TAMS 0x0000000702900000, 0x0000000702900000| Untracked 
|  30|0x0000000702a00000, 0x0000000702a00000, 0x0000000702b00000|  0%| F|  |TAMS 0x0000000702a00000, 0x0000000702a00000| Untracked 
|  31|0x0000000702b00000, 0x0000000702b00000, 0x0000000702c00000|  0%| F|  |TAMS 0x0000000702b00000, 0x0000000702b00000| Untracked 
|  32|0x0000000702c00000, 0x0000000702c00000, 0x0000000702d00000|  0%| F|  |TAMS 0x0000000702c00000, 0x0000000702c00000| Untracked 
|  33|0x0000000702d00000, 0x0000000702d00000, 0x0000000702e00000|  0%| F|  |TAMS 0x0000000702d00000, 0x0000000702d00000| Untracked 
|  34|0x0000000702e00000, 0x0000000702e00000, 0x0000000702f00000|  0%| F|  |TAMS 0x0000000702e00000, 0x0000000702e00000| Untracked 
|  35|0x0000000702f00000, 0x0000000702f00000, 0x0000000703000000|  0%| F|  |TAMS 0x0000000702f00000, 0x0000000702f00000| Untracked 
|  36|0x0000000703000000, 0x0000000703000000, 0x0000000703100000|  0%| F|  |TAMS 0x0000000703000000, 0x0000000703000000| Untracked 
|  37|0x0000000703100000, 0x0000000703100000, 0x0000000703200000|  0%| F|  |TAMS 0x0000000703100000, 0x0000000703100000| Untracked 
|  38|0x0000000703200000, 0x0000000703200000, 0x0000000703300000|  0%| F|  |TAMS 0x0000000703200000, 0x0000000703200000| Untracked 
|  39|0x0000000703300000, 0x0000000703300000, 0x0000000703400000|  0%| F|  |TAMS 0x0000000703300000, 0x0000000703300000| Untracked 
|  40|0x0000000703400000, 0x0000000703400000, 0x0000000703500000|  0%| F|  |TAMS 0x0000000703400000, 0x0000000703400000| Untracked 
|  41|0x0000000703500000, 0x0000000703500000, 0x0000000703600000|  0%| F|  |TAMS 0x0000000703500000, 0x0000000703500000| Untracked 
|  42|0x0000000703600000, 0x0000000703600000, 0x0000000703700000|  0%| F|  |TAMS 0x0000000703600000, 0x0000000703600000| Untracked 
|  43|0x0000000703700000, 0x0000000703700000, 0x0000000703800000|  0%| F|  |TAMS 0x0000000703700000, 0x0000000703700000| Untracked 
|  44|0x0000000703800000, 0x0000000703800000, 0x0000000703900000|  0%| F|  |TAMS 0x0000000703800000, 0x0000000703800000| Untracked 
|  45|0x0000000703900000, 0x0000000703900000, 0x0000000703a00000|  0%| F|  |TAMS 0x0000000703900000, 0x0000000703900000| Untracked 
|  46|0x0000000703a00000, 0x0000000703a00000, 0x0000000703b00000|  0%| F|  |TAMS 0x0000000703a00000, 0x0000000703a00000| Untracked 
|  47|0x0000000703b00000, 0x0000000703b00000, 0x0000000703c00000|  0%| F|  |TAMS 0x0000000703b00000, 0x0000000703b00000| Untracked 
|  48|0x0000000703c00000, 0x0000000703c00000, 0x0000000703d00000|  0%| F|  |TAMS 0x0000000703c00000, 0x0000000703c00000| Untracked 
|  49|0x0000000703d00000, 0x0000000703d00000, 0x0000000703e00000|  0%| F|  |TAMS 0x0000000703d00000, 0x0000000703d00000| Untracked 
|  50|0x0000000703e00000, 0x0000000703e00000, 0x0000000703f00000|  0%| F|  |TAMS 0x0000000703e00000, 0x0000000703e00000| Untracked 
|  51|0x0000000703f00000, 0x0000000703f00000, 0x0000000704000000|  0%| F|  |TAMS 0x0000000703f00000, 0x0000000703f00000| Untracked 
|  52|0x0000000704000000, 0x0000000704000000, 0x0000000704100000|  0%| F|  |TAMS 0x0000000704000000, 0x0000000704000000| Untracked 
|  53|0x0000000704100000, 0x0000000704100000, 0x0000000704200000|  0%| F|  |TAMS 0x0000000704100000, 0x0000000704100000| Untracked 
|  54|0x0000000704200000, 0x0000000704200000, 0x0000000704300000|  0%| F|  |TAMS 0x0000000704200000, 0x0000000704200000| Untracked 
|  55|0x0000000704300000, 0x0000000704300000, 0x0000000704400000|  0%| F|  |TAMS 0x0000000704300000, 0x0000000704300000| Untracked 
|  56|0x0000000704400000, 0x0000000704400000, 0x0000000704500000|  0%| F|  |TAMS 0x0000000704400000, 0x0000000704400000| Untracked 
|  57|0x0000000704500000, 0x0000000704500000, 0x0000000704600000|  0%| F|  |TAMS 0x0000000704500000, 0x0000000704500000| Untracked 
|  58|0x0000000704600000, 0x0000000704600000, 0x0000000704700000|  0%| F|  |TAMS 0x0000000704600000, 0x0000000704600000| Untracked 
|  59|0x0000000704700000, 0x0000000704700000, 0x0000000704800000|  0%| F|  |TAMS 0x0000000704700000, 0x0000000704700000| Untracked 
|  60|0x0000000704800000, 0x0000000704800000, 0x0000000704900000|  0%| F|  |TAMS 0x0000000704800000, 0x0000000704800000| Untracked 
|  61|0x0000000704900000, 0x0000000704900000, 0x0000000704a00000|  0%| F|  |TAMS 0x0000000704900000, 0x0000000704900000| Untracked 
|  62|0x0000000704a00000, 0x0000000704a00000, 0x0000000704b00000|  0%| F|  |TAMS 0x0000000704a00000, 0x0000000704a00000| Untracked 
|  63|0x0000000704b00000, 0x0000000704b00000, 0x0000000704c00000|  0%| F|  |TAMS 0x0000000704b00000, 0x0000000704b00000| Untracked 
|  64|0x0000000704c00000, 0x0000000704c00000, 0x0000000704d00000|  0%| F|  |TAMS 0x0000000704c00000, 0x0000000704c00000| Untracked 
|  65|0x0000000704d00000, 0x0000000704d00000, 0x0000000704e00000|  0%| F|  |TAMS 0x0000000704d00000, 0x0000000704d00000| Untracked 
|  66|0x0000000704e00000, 0x0000000704e00000, 0x0000000704f00000|  0%| F|  |TAMS 0x0000000704e00000, 0x0000000704e00000| Untracked 
|  67|0x0000000704f00000, 0x0000000704f00000, 0x0000000705000000|  0%| F|  |TAMS 0x0000000704f00000, 0x0000000704f00000| Untracked 
|  68|0x0000000705000000, 0x0000000705000000, 0x0000000705100000|  0%| F|  |TAMS 0x0000000705000000, 0x0000000705000000| Untracked 
|  69|0x0000000705100000, 0x0000000705100000, 0x0000000705200000|  0%| F|  |TAMS 0x0000000705100000, 0x0000000705100000| Untracked 
|  70|0x0000000705200000, 0x0000000705200000, 0x0000000705300000|  0%| F|  |TAMS 0x0000000705200000, 0x0000000705200000| Untracked 
|  71|0x0000000705300000, 0x0000000705300000, 0x0000000705400000|  0%| F|  |TAMS 0x0000000705300000, 0x0000000705300000| Untracked 
|  72|0x0000000705400000, 0x0000000705400000, 0x0000000705500000|  0%| F|  |TAMS 0x0000000705400000, 0x0000000705400000| Untracked 
|  73|0x0000000705500000, 0x0000000705500000, 0x0000000705600000|  0%| F|  |TAMS 0x0000000705500000, 0x0000000705500000| Untracked 
|  74|0x0000000705600000, 0x0000000705600000, 0x0000000705700000|  0%| F|  |TAMS 0x0000000705600000, 0x0000000705600000| Untracked 
|  75|0x0000000705700000, 0x0000000705700000, 0x0000000705800000|  0%| F|  |TAMS 0x0000000705700000, 0x0000000705700000| Untracked 
|  76|0x0000000705800000, 0x0000000705800000, 0x0000000705900000|  0%| F|  |TAMS 0x0000000705800000, 0x0000000705800000| Untracked 
|  77|0x0000000705900000, 0x0000000705900000, 0x0000000705a00000|  0%| F|  |TAMS 0x0000000705900000, 0x0000000705900000| Untracked 
|  78|0x0000000705a00000, 0x0000000705a00000, 0x0000000705b00000|  0%| F|  |TAMS 0x0000000705a00000, 0x0000000705a00000| Untracked 
|  79|0x0000000705b00000, 0x0000000705b00000, 0x0000000705c00000|  0%| F|  |TAMS 0x0000000705b00000, 0x0000000705b00000| Untracked 
|  80|0x0000000705c00000, 0x0000000705c00000, 0x0000000705d00000|  0%| F|  |TAMS 0x0000000705c00000, 0x0000000705c00000| Untracked 
|  81|0x0000000705d00000, 0x0000000705d00000, 0x0000000705e00000|  0%| F|  |TAMS 0x0000000705d00000, 0x0000000705d00000| Untracked 
|  82|0x0000000705e00000, 0x0000000705e00000, 0x0000000705f00000|  0%| F|  |TAMS 0x0000000705e00000, 0x0000000705e00000| Untracked 
|  83|0x0000000705f00000, 0x0000000705f00000, 0x0000000706000000|  0%| F|  |TAMS 0x0000000705f00000, 0x0000000705f00000| Untracked 
|  84|0x0000000706000000, 0x0000000706000000, 0x0000000706100000|  0%| F|  |TAMS 0x0000000706000000, 0x0000000706000000| Untracked 
|  85|0x0000000706100000, 0x0000000706100000, 0x0000000706200000|  0%| F|  |TAMS 0x0000000706100000, 0x0000000706100000| Untracked 
|  86|0x0000000706200000, 0x0000000706200000, 0x0000000706300000|  0%| F|  |TAMS 0x0000000706200000, 0x0000000706200000| Untracked 
|  87|0x0000000706300000, 0x0000000706300000, 0x0000000706400000|  0%| F|  |TAMS 0x0000000706300000, 0x0000000706300000| Untracked 
|  88|0x0000000706400000, 0x0000000706400000, 0x0000000706500000|  0%| F|  |TAMS 0x0000000706400000, 0x0000000706400000| Untracked 
|  89|0x0000000706500000, 0x0000000706500000, 0x0000000706600000|  0%| F|  |TAMS 0x0000000706500000, 0x0000000706500000| Untracked 
|  90|0x0000000706600000, 0x00000007066cea00, 0x0000000706700000| 80%| S|CS|TAMS 0x0000000706600000, 0x0000000706600000| Complete 
|  91|0x0000000706700000, 0x0000000706800000, 0x0000000706800000|100%| S|CS|TAMS 0x0000000706700000, 0x0000000706700000| Complete 
|  92|0x0000000706800000, 0x0000000706900000, 0x0000000706900000|100%| S|CS|TAMS 0x0000000706800000, 0x0000000706800000| Complete 
|  93|0x0000000706900000, 0x0000000706a00000, 0x0000000706a00000|100%| S|CS|TAMS 0x0000000706900000, 0x0000000706900000| Complete 
|  94|0x0000000706a00000, 0x0000000706b00000, 0x0000000706b00000|100%| S|CS|TAMS 0x0000000706a00000, 0x0000000706a00000| Complete 
|  95|0x0000000706b00000, 0x0000000706c00000, 0x0000000706c00000|100%| S|CS|TAMS 0x0000000706b00000, 0x0000000706b00000| Complete 
|  96|0x0000000706c00000, 0x0000000706d00000, 0x0000000706d00000|100%| S|CS|TAMS 0x0000000706c00000, 0x0000000706c00000| Complete 
|  97|0x0000000706d00000, 0x0000000706e00000, 0x0000000706e00000|100%| S|CS|TAMS 0x0000000706d00000, 0x0000000706d00000| Complete 
|  98|0x0000000706e00000, 0x0000000706f00000, 0x0000000706f00000|100%| S|CS|TAMS 0x0000000706e00000, 0x0000000706e00000| Complete 
|  99|0x0000000706f00000, 0x0000000707000000, 0x0000000707000000|100%| S|CS|TAMS 0x0000000706f00000, 0x0000000706f00000| Complete 
| 100|0x0000000707000000, 0x0000000707100000, 0x0000000707100000|100%| S|CS|TAMS 0x0000000707000000, 0x0000000707000000| Complete 
| 101|0x0000000707100000, 0x0000000707200000, 0x0000000707200000|100%| S|CS|TAMS 0x0000000707100000, 0x0000000707100000| Complete 
| 102|0x0000000707200000, 0x0000000707300000, 0x0000000707300000|100%| S|CS|TAMS 0x0000000707200000, 0x0000000707200000| Complete 
| 103|0x0000000707300000, 0x0000000707300000, 0x0000000707400000|  0%| F|  |TAMS 0x0000000707300000, 0x0000000707300000| Untracked 
| 104|0x0000000707400000, 0x0000000707400000, 0x0000000707500000|  0%| F|  |TAMS 0x0000000707400000, 0x0000000707400000| Untracked 
| 105|0x0000000707500000, 0x0000000707500000, 0x0000000707600000|  0%| F|  |TAMS 0x0000000707500000, 0x0000000707500000| Untracked 
| 106|0x0000000707600000, 0x0000000707600000, 0x0000000707700000|  0%| F|  |TAMS 0x0000000707600000, 0x0000000707600000| Untracked 
| 107|0x0000000707700000, 0x0000000707700000, 0x0000000707800000|  0%| F|  |TAMS 0x0000000707700000, 0x0000000707700000| Untracked 
| 108|0x0000000707800000, 0x0000000707800000, 0x0000000707900000|  0%| F|  |TAMS 0x0000000707800000, 0x0000000707800000| Untracked 
| 109|0x0000000707900000, 0x0000000707900000, 0x0000000707a00000|  0%| F|  |TAMS 0x0000000707900000, 0x0000000707900000| Untracked 
| 110|0x0000000707a00000, 0x0000000707a00000, 0x0000000707b00000|  0%| F|  |TAMS 0x0000000707a00000, 0x0000000707a00000| Untracked 
| 111|0x0000000707b00000, 0x0000000707b00000, 0x0000000707c00000|  0%| F|  |TAMS 0x0000000707b00000, 0x0000000707b00000| Untracked 
| 112|0x0000000707c00000, 0x0000000707c00000, 0x0000000707d00000|  0%| F|  |TAMS 0x0000000707c00000, 0x0000000707c00000| Untracked 
| 113|0x0000000707d00000, 0x0000000707d00000, 0x0000000707e00000|  0%| F|  |TAMS 0x0000000707d00000, 0x0000000707d00000| Untracked 
| 114|0x0000000707e00000, 0x0000000707e00000, 0x0000000707f00000|  0%| F|  |TAMS 0x0000000707e00000, 0x0000000707e00000| Untracked 
| 115|0x0000000707f00000, 0x0000000707f00000, 0x0000000708000000|  0%| F|  |TAMS 0x0000000707f00000, 0x0000000707f00000| Untracked 
| 116|0x0000000708000000, 0x0000000708000000, 0x0000000708100000|  0%| F|  |TAMS 0x0000000708000000, 0x0000000708000000| Untracked 
| 117|0x0000000708100000, 0x0000000708100000, 0x0000000708200000|  0%| F|  |TAMS 0x0000000708100000, 0x0000000708100000| Untracked 
| 118|0x0000000708200000, 0x0000000708200000, 0x0000000708300000|  0%| F|  |TAMS 0x0000000708200000, 0x0000000708200000| Untracked 
| 119|0x0000000708300000, 0x0000000708300000, 0x0000000708400000|  0%| F|  |TAMS 0x0000000708300000, 0x0000000708300000| Untracked 
| 120|0x0000000708400000, 0x0000000708400000, 0x0000000708500000|  0%| F|  |TAMS 0x0000000708400000, 0x0000000708400000| Untracked 
| 121|0x0000000708500000, 0x0000000708500000, 0x0000000708600000|  0%| F|  |TAMS 0x0000000708500000, 0x0000000708500000| Untracked 
| 122|0x0000000708600000, 0x0000000708600000, 0x0000000708700000|  0%| F|  |TAMS 0x0000000708600000, 0x0000000708600000| Untracked 
| 123|0x0000000708700000, 0x0000000708700000, 0x0000000708800000|  0%| F|  |TAMS 0x0000000708700000, 0x0000000708700000| Untracked 
| 124|0x0000000708800000, 0x0000000708800000, 0x0000000708900000|  0%| F|  |TAMS 0x0000000708800000, 0x0000000708800000| Untracked 
| 125|0x0000000708900000, 0x0000000708900000, 0x0000000708a00000|  0%| F|  |TAMS 0x0000000708900000, 0x0000000708900000| Untracked 
| 126|0x0000000708a00000, 0x0000000708a00000, 0x0000000708b00000|  0%| F|  |TAMS 0x0000000708a00000, 0x0000000708a00000| Untracked 
| 127|0x0000000708b00000, 0x0000000708b00000, 0x0000000708c00000|  0%| F|  |TAMS 0x0000000708b00000, 0x0000000708b00000| Untracked 
| 128|0x0000000708c00000, 0x0000000708c00000, 0x0000000708d00000|  0%| F|  |TAMS 0x0000000708c00000, 0x0000000708c00000| Untracked 
| 129|0x0000000708d00000, 0x0000000708d00000, 0x0000000708e00000|  0%| F|  |TAMS 0x0000000708d00000, 0x0000000708d00000| Untracked 
| 130|0x0000000708e00000, 0x0000000708e00000, 0x0000000708f00000|  0%| F|  |TAMS 0x0000000708e00000, 0x0000000708e00000| Untracked 
| 131|0x0000000708f00000, 0x0000000708f00000, 0x0000000709000000|  0%| F|  |TAMS 0x0000000708f00000, 0x0000000708f00000| Untracked 
| 132|0x0000000709000000, 0x0000000709000000, 0x0000000709100000|  0%| F|  |TAMS 0x0000000709000000, 0x0000000709000000| Untracked 
| 133|0x0000000709100000, 0x0000000709100000, 0x0000000709200000|  0%| F|  |TAMS 0x0000000709100000, 0x0000000709100000| Untracked 
| 134|0x0000000709200000, 0x0000000709200000, 0x0000000709300000|  0%| F|  |TAMS 0x0000000709200000, 0x0000000709200000| Untracked 
| 135|0x0000000709300000, 0x0000000709300000, 0x0000000709400000|  0%| F|  |TAMS 0x0000000709300000, 0x0000000709300000| Untracked 
| 136|0x0000000709400000, 0x0000000709400000, 0x0000000709500000|  0%| F|  |TAMS 0x0000000709400000, 0x0000000709400000| Untracked 
| 137|0x0000000709500000, 0x0000000709500000, 0x0000000709600000|  0%| F|  |TAMS 0x0000000709500000, 0x0000000709500000| Untracked 
| 138|0x0000000709600000, 0x0000000709600000, 0x0000000709700000|  0%| F|  |TAMS 0x0000000709600000, 0x0000000709600000| Untracked 
| 139|0x0000000709700000, 0x0000000709700000, 0x0000000709800000|  0%| F|  |TAMS 0x0000000709700000, 0x0000000709700000| Untracked 
| 140|0x0000000709800000, 0x0000000709800000, 0x0000000709900000|  0%| F|  |TAMS 0x0000000709800000, 0x0000000709800000| Untracked 
| 141|0x0000000709900000, 0x0000000709900000, 0x0000000709a00000|  0%| F|  |TAMS 0x0000000709900000, 0x0000000709900000| Untracked 
| 142|0x0000000709a00000, 0x0000000709a00000, 0x0000000709b00000|  0%| F|  |TAMS 0x0000000709a00000, 0x0000000709a00000| Untracked 
| 143|0x0000000709b00000, 0x0000000709b00000, 0x0000000709c00000|  0%| F|  |TAMS 0x0000000709b00000, 0x0000000709b00000| Untracked 
| 144|0x0000000709c00000, 0x0000000709c00000, 0x0000000709d00000|  0%| F|  |TAMS 0x0000000709c00000, 0x0000000709c00000| Untracked 
| 145|0x0000000709d00000, 0x0000000709d00000, 0x0000000709e00000|  0%| F|  |TAMS 0x0000000709d00000, 0x0000000709d00000| Untracked 
| 146|0x0000000709e00000, 0x0000000709e00000, 0x0000000709f00000|  0%| F|  |TAMS 0x0000000709e00000, 0x0000000709e00000| Untracked 
| 147|0x0000000709f00000, 0x0000000709f00000, 0x000000070a000000|  0%| F|  |TAMS 0x0000000709f00000, 0x0000000709f00000| Untracked 
| 148|0x000000070a000000, 0x000000070a000000, 0x000000070a100000|  0%| F|  |TAMS 0x000000070a000000, 0x000000070a000000| Untracked 
| 149|0x000000070a100000, 0x000000070a100000, 0x000000070a200000|  0%| F|  |TAMS 0x000000070a100000, 0x000000070a100000| Untracked 
| 150|0x000000070a200000, 0x000000070a200000, 0x000000070a300000|  0%| F|  |TAMS 0x000000070a200000, 0x000000070a200000| Untracked 
| 151|0x000000070a300000, 0x000000070a300000, 0x000000070a400000|  0%| F|  |TAMS 0x000000070a300000, 0x000000070a300000| Untracked 
| 152|0x000000070a400000, 0x000000070a400000, 0x000000070a500000|  0%| F|  |TAMS 0x000000070a400000, 0x000000070a400000| Untracked 
| 153|0x000000070a500000, 0x000000070a500000, 0x000000070a600000|  0%| F|  |TAMS 0x000000070a500000, 0x000000070a500000| Untracked 
| 154|0x000000070a600000, 0x000000070a600000, 0x000000070a700000|  0%| F|  |TAMS 0x000000070a600000, 0x000000070a600000| Untracked 
| 155|0x000000070a700000, 0x000000070a700000, 0x000000070a800000|  0%| F|  |TAMS 0x000000070a700000, 0x000000070a700000| Untracked 
| 156|0x000000070a800000, 0x000000070a800000, 0x000000070a900000|  0%| F|  |TAMS 0x000000070a800000, 0x000000070a800000| Untracked 
| 157|0x000000070a900000, 0x000000070a900000, 0x000000070aa00000|  0%| F|  |TAMS 0x000000070a900000, 0x000000070a900000| Untracked 
| 158|0x000000070aa00000, 0x000000070aa00000, 0x000000070ab00000|  0%| F|  |TAMS 0x000000070aa00000, 0x000000070aa00000| Untracked 
| 159|0x000000070ab00000, 0x000000070ab00000, 0x000000070ac00000|  0%| F|  |TAMS 0x000000070ab00000, 0x000000070ab00000| Untracked 
| 160|0x000000070ac00000, 0x000000070ac00000, 0x000000070ad00000|  0%| F|  |TAMS 0x000000070ac00000, 0x000000070ac00000| Untracked 
| 161|0x000000070ad00000, 0x000000070ad00000, 0x000000070ae00000|  0%| F|  |TAMS 0x000000070ad00000, 0x000000070ad00000| Untracked 
| 162|0x000000070ae00000, 0x000000070ae00000, 0x000000070af00000|  0%| F|  |TAMS 0x000000070ae00000, 0x000000070ae00000| Untracked 
| 163|0x000000070af00000, 0x000000070af00000, 0x000000070b000000|  0%| F|  |TAMS 0x000000070af00000, 0x000000070af00000| Untracked 
| 164|0x000000070b000000, 0x000000070b000000, 0x000000070b100000|  0%| F|  |TAMS 0x000000070b000000, 0x000000070b000000| Untracked 
| 165|0x000000070b100000, 0x000000070b180800, 0x000000070b200000| 50%| E|  |TAMS 0x000000070b100000, 0x000000070b100000| Complete 
| 166|0x000000070b200000, 0x000000070b300000, 0x000000070b300000|100%| E|CS|TAMS 0x000000070b200000, 0x000000070b200000| Complete 
| 167|0x000000070b300000, 0x000000070b400000, 0x000000070b400000|100%| E|CS|TAMS 0x000000070b300000, 0x000000070b300000| Complete 
| 168|0x000000070b400000, 0x000000070b500000, 0x000000070b500000|100%| E|CS|TAMS 0x000000070b400000, 0x000000070b400000| Complete 
| 169|0x000000070b500000, 0x000000070b600000, 0x000000070b600000|100%| E|  |TAMS 0x000000070b500000, 0x000000070b500000| Complete 
| 170|0x000000070b600000, 0x000000070b700000, 0x000000070b700000|100%| E|CS|TAMS 0x000000070b600000, 0x000000070b600000| Complete 
| 171|0x000000070b700000, 0x000000070b800000, 0x000000070b800000|100%| E|CS|TAMS 0x000000070b700000, 0x000000070b700000| Complete 
| 172|0x000000070b800000, 0x000000070b900000, 0x000000070b900000|100%| E|CS|TAMS 0x000000070b800000, 0x000000070b800000| Complete 
| 173|0x000000070b900000, 0x000000070ba00000, 0x000000070ba00000|100%| E|CS|TAMS 0x000000070b900000, 0x000000070b900000| Complete 
| 174|0x000000070ba00000, 0x000000070bb00000, 0x000000070bb00000|100%| E|CS|TAMS 0x000000070ba00000, 0x000000070ba00000| Complete 
| 175|0x000000070bb00000, 0x000000070bc00000, 0x000000070bc00000|100%| E|CS|TAMS 0x000000070bb00000, 0x000000070bb00000| Complete 
| 176|0x000000070bc00000, 0x000000070bd00000, 0x000000070bd00000|100%| E|CS|TAMS 0x000000070bc00000, 0x000000070bc00000| Complete 
| 177|0x000000070bd00000, 0x000000070be00000, 0x000000070be00000|100%| E|CS|TAMS 0x000000070bd00000, 0x000000070bd00000| Complete 
| 178|0x000000070be00000, 0x000000070bf00000, 0x000000070bf00000|100%| E|CS|TAMS 0x000000070be00000, 0x000000070be00000| Complete 
| 179|0x000000070bf00000, 0x000000070c000000, 0x000000070c000000|100%| E|CS|TAMS 0x000000070bf00000, 0x000000070bf00000| Complete 
| 180|0x000000070c000000, 0x000000070c100000, 0x000000070c100000|100%| E|CS|TAMS 0x000000070c000000, 0x000000070c000000| Complete 
| 181|0x000000070c100000, 0x000000070c200000, 0x000000070c200000|100%| E|CS|TAMS 0x000000070c100000, 0x000000070c100000| Complete 
| 182|0x000000070c200000, 0x000000070c300000, 0x000000070c300000|100%| E|CS|TAMS 0x000000070c200000, 0x000000070c200000| Complete 
| 183|0x000000070c300000, 0x000000070c400000, 0x000000070c400000|100%| E|CS|TAMS 0x000000070c300000, 0x000000070c300000| Complete 
| 184|0x000000070c400000, 0x000000070c500000, 0x000000070c500000|100%| E|CS|TAMS 0x000000070c400000, 0x000000070c400000| Complete 
| 185|0x000000070c500000, 0x000000070c600000, 0x000000070c600000|100%| E|CS|TAMS 0x000000070c500000, 0x000000070c500000| Complete 
| 186|0x000000070c600000, 0x000000070c700000, 0x000000070c700000|100%| E|CS|TAMS 0x000000070c600000, 0x000000070c600000| Complete 
| 187|0x000000070c700000, 0x000000070c800000, 0x000000070c800000|100%| E|CS|TAMS 0x000000070c700000, 0x000000070c700000| Complete 
| 188|0x000000070c800000, 0x000000070c900000, 0x000000070c900000|100%| E|CS|TAMS 0x000000070c800000, 0x000000070c800000| Complete 
| 189|0x000000070c900000, 0x000000070ca00000, 0x000000070ca00000|100%| E|CS|TAMS 0x000000070c900000, 0x000000070c900000| Complete 
| 190|0x000000070ca00000, 0x000000070cb00000, 0x000000070cb00000|100%| E|CS|TAMS 0x000000070ca00000, 0x000000070ca00000| Complete 
| 191|0x000000070cb00000, 0x000000070cc00000, 0x000000070cc00000|100%| E|CS|TAMS 0x000000070cb00000, 0x000000070cb00000| Complete 
| 192|0x000000070cc00000, 0x000000070cd00000, 0x000000070cd00000|100%| E|CS|TAMS 0x000000070cc00000, 0x000000070cc00000| Complete 
| 193|0x000000070cd00000, 0x000000070ce00000, 0x000000070ce00000|100%| E|CS|TAMS 0x000000070cd00000, 0x000000070cd00000| Complete 
| 194|0x000000070ce00000, 0x000000070cf00000, 0x000000070cf00000|100%| E|CS|TAMS 0x000000070ce00000, 0x000000070ce00000| Complete 
| 195|0x000000070cf00000, 0x000000070d000000, 0x000000070d000000|100%| E|CS|TAMS 0x000000070cf00000, 0x000000070cf00000| Complete 
| 196|0x000000070d000000, 0x000000070d100000, 0x000000070d100000|100%| E|CS|TAMS 0x000000070d000000, 0x000000070d000000| Complete 
| 197|0x000000070d100000, 0x000000070d200000, 0x000000070d200000|100%| E|CS|TAMS 0x000000070d100000, 0x000000070d100000| Complete 
| 198|0x000000070d200000, 0x000000070d300000, 0x000000070d300000|100%| E|CS|TAMS 0x000000070d200000, 0x000000070d200000| Complete 
| 199|0x000000070d300000, 0x000000070d400000, 0x000000070d400000|100%| E|CS|TAMS 0x000000070d300000, 0x000000070d300000| Complete 
| 200|0x000000070d400000, 0x000000070d500000, 0x000000070d500000|100%| E|CS|TAMS 0x000000070d400000, 0x000000070d400000| Complete 
| 201|0x000000070d500000, 0x000000070d600000, 0x000000070d600000|100%| E|CS|TAMS 0x000000070d500000, 0x000000070d500000| Complete 
| 202|0x000000070d600000, 0x000000070d700000, 0x000000070d700000|100%| E|CS|TAMS 0x000000070d600000, 0x000000070d600000| Complete 
| 203|0x000000070d700000, 0x000000070d800000, 0x000000070d800000|100%| E|CS|TAMS 0x000000070d700000, 0x000000070d700000| Complete 
| 204|0x000000070d800000, 0x000000070d900000, 0x000000070d900000|100%| E|CS|TAMS 0x000000070d800000, 0x000000070d800000| Complete 
| 205|0x000000070d900000, 0x000000070da00000, 0x000000070da00000|100%| E|CS|TAMS 0x000000070d900000, 0x000000070d900000| Complete 
| 206|0x000000070da00000, 0x000000070db00000, 0x000000070db00000|100%| E|CS|TAMS 0x000000070da00000, 0x000000070da00000| Complete 
| 207|0x000000070db00000, 0x000000070dc00000, 0x000000070dc00000|100%| E|CS|TAMS 0x000000070db00000, 0x000000070db00000| Complete 
| 208|0x000000070dc00000, 0x000000070dd00000, 0x000000070dd00000|100%| E|CS|TAMS 0x000000070dc00000, 0x000000070dc00000| Complete 
| 209|0x000000070dd00000, 0x000000070de00000, 0x000000070de00000|100%| E|CS|TAMS 0x000000070dd00000, 0x000000070dd00000| Complete 
| 210|0x000000070de00000, 0x000000070df00000, 0x000000070df00000|100%| E|CS|TAMS 0x000000070de00000, 0x000000070de00000| Complete 
| 211|0x000000070df00000, 0x000000070e000000, 0x000000070e000000|100%| E|CS|TAMS 0x000000070df00000, 0x000000070df00000| Complete 
| 212|0x000000070e000000, 0x000000070e100000, 0x000000070e100000|100%| E|CS|TAMS 0x000000070e000000, 0x000000070e000000| Complete 
| 213|0x000000070e100000, 0x000000070e200000, 0x000000070e200000|100%| E|CS|TAMS 0x000000070e100000, 0x000000070e100000| Complete 
| 214|0x000000070e200000, 0x000000070e300000, 0x000000070e300000|100%| E|CS|TAMS 0x000000070e200000, 0x000000070e200000| Complete 
| 215|0x000000070e300000, 0x000000070e400000, 0x000000070e400000|100%| E|CS|TAMS 0x000000070e300000, 0x000000070e300000| Complete 
| 216|0x000000070e400000, 0x000000070e500000, 0x000000070e500000|100%| E|CS|TAMS 0x000000070e400000, 0x000000070e400000| Complete 
| 217|0x000000070e500000, 0x000000070e600000, 0x000000070e600000|100%| E|CS|TAMS 0x000000070e500000, 0x000000070e500000| Complete 
| 218|0x000000070e600000, 0x000000070e700000, 0x000000070e700000|100%| E|CS|TAMS 0x000000070e600000, 0x000000070e600000| Complete 
| 219|0x000000070e700000, 0x000000070e800000, 0x000000070e800000|100%| E|CS|TAMS 0x000000070e700000, 0x000000070e700000| Complete 
| 220|0x000000070e800000, 0x000000070e900000, 0x000000070e900000|100%| E|CS|TAMS 0x000000070e800000, 0x000000070e800000| Complete 
| 221|0x000000070e900000, 0x000000070ea00000, 0x000000070ea00000|100%| E|CS|TAMS 0x000000070e900000, 0x000000070e900000| Complete 
| 222|0x000000070ea00000, 0x000000070eb00000, 0x000000070eb00000|100%| E|CS|TAMS 0x000000070ea00000, 0x000000070ea00000| Complete 
| 223|0x000000070eb00000, 0x000000070ec00000, 0x000000070ec00000|100%| E|CS|TAMS 0x000000070eb00000, 0x000000070eb00000| Complete 
| 224|0x000000070ec00000, 0x000000070ed00000, 0x000000070ed00000|100%| E|CS|TAMS 0x000000070ec00000, 0x000000070ec00000| Complete 
| 225|0x000000070ed00000, 0x000000070ee00000, 0x000000070ee00000|100%| E|CS|TAMS 0x000000070ed00000, 0x000000070ed00000| Complete 
| 226|0x000000070ee00000, 0x000000070ef00000, 0x000000070ef00000|100%| E|CS|TAMS 0x000000070ee00000, 0x000000070ee00000| Complete 
| 227|0x000000070ef00000, 0x000000070f000000, 0x000000070f000000|100%| E|CS|TAMS 0x000000070ef00000, 0x000000070ef00000| Complete 
| 228|0x000000070f000000, 0x000000070f100000, 0x000000070f100000|100%| E|CS|TAMS 0x000000070f000000, 0x000000070f000000| Complete 
| 229|0x000000070f100000, 0x000000070f200000, 0x000000070f200000|100%| E|CS|TAMS 0x000000070f100000, 0x000000070f100000| Complete 
| 230|0x000000070f200000, 0x000000070f300000, 0x000000070f300000|100%| E|CS|TAMS 0x000000070f200000, 0x000000070f200000| Complete 
| 231|0x000000070f300000, 0x000000070f400000, 0x000000070f400000|100%| E|CS|TAMS 0x000000070f300000, 0x000000070f300000| Complete 
| 232|0x000000070f400000, 0x000000070f500000, 0x000000070f500000|100%| E|CS|TAMS 0x000000070f400000, 0x000000070f400000| Complete 
| 233|0x000000070f500000, 0x000000070f600000, 0x000000070f600000|100%| E|CS|TAMS 0x000000070f500000, 0x000000070f500000| Complete 
| 234|0x000000070f600000, 0x000000070f700000, 0x000000070f700000|100%| E|CS|TAMS 0x000000070f600000, 0x000000070f600000| Complete 
| 235|0x000000070f700000, 0x000000070f800000, 0x000000070f800000|100%| E|CS|TAMS 0x000000070f700000, 0x000000070f700000| Complete 
| 236|0x000000070f800000, 0x000000070f900000, 0x000000070f900000|100%| E|CS|TAMS 0x000000070f800000, 0x000000070f800000| Complete 
| 237|0x000000070f900000, 0x000000070fa00000, 0x000000070fa00000|100%| E|CS|TAMS 0x000000070f900000, 0x000000070f900000| Complete 
| 238|0x000000070fa00000, 0x000000070fb00000, 0x000000070fb00000|100%| E|CS|TAMS 0x000000070fa00000, 0x000000070fa00000| Complete 
| 239|0x000000070fb00000, 0x000000070fc00000, 0x000000070fc00000|100%| E|CS|TAMS 0x000000070fb00000, 0x000000070fb00000| Complete 
| 240|0x000000070fc00000, 0x000000070fd00000, 0x000000070fd00000|100%| E|CS|TAMS 0x000000070fc00000, 0x000000070fc00000| Complete 
| 241|0x000000070fd00000, 0x000000070fe00000, 0x000000070fe00000|100%| E|CS|TAMS 0x000000070fd00000, 0x000000070fd00000| Complete 
| 242|0x000000070fe00000, 0x000000070ff00000, 0x000000070ff00000|100%| E|CS|TAMS 0x000000070fe00000, 0x000000070fe00000| Complete 
| 243|0x000000070ff00000, 0x0000000710000000, 0x0000000710000000|100%| E|CS|TAMS 0x000000070ff00000, 0x000000070ff00000| Complete 
| 244|0x0000000710000000, 0x0000000710100000, 0x0000000710100000|100%| E|CS|TAMS 0x0000000710000000, 0x0000000710000000| Complete 
| 245|0x0000000710100000, 0x0000000710200000, 0x0000000710200000|100%| E|CS|TAMS 0x0000000710100000, 0x0000000710100000| Complete 
| 246|0x0000000710200000, 0x0000000710300000, 0x0000000710300000|100%| E|CS|TAMS 0x0000000710200000, 0x0000000710200000| Complete 
| 247|0x0000000710300000, 0x0000000710400000, 0x0000000710400000|100%| E|CS|TAMS 0x0000000710300000, 0x0000000710300000| Complete 
| 248|0x0000000710400000, 0x0000000710500000, 0x0000000710500000|100%| E|CS|TAMS 0x0000000710400000, 0x0000000710400000| Complete 
| 249|0x0000000710500000, 0x0000000710600000, 0x0000000710600000|100%| E|CS|TAMS 0x0000000710500000, 0x0000000710500000| Complete 
| 250|0x0000000710600000, 0x0000000710700000, 0x0000000710700000|100%| E|CS|TAMS 0x0000000710600000, 0x0000000710600000| Complete 
| 251|0x0000000710700000, 0x0000000710800000, 0x0000000710800000|100%| E|CS|TAMS 0x0000000710700000, 0x0000000710700000| Complete 
| 252|0x0000000710800000, 0x0000000710900000, 0x0000000710900000|100%| E|CS|TAMS 0x0000000710800000, 0x0000000710800000| Complete 
| 253|0x0000000710900000, 0x0000000710a00000, 0x0000000710a00000|100%| E|CS|TAMS 0x0000000710900000, 0x0000000710900000| Complete 
| 254|0x0000000710a00000, 0x0000000710b00000, 0x0000000710b00000|100%| E|CS|TAMS 0x0000000710a00000, 0x0000000710a00000| Complete 
| 255|0x0000000710b00000, 0x0000000710c00000, 0x0000000710c00000|100%| E|CS|TAMS 0x0000000710b00000, 0x0000000710b00000| Complete 

Card table byte_map: [0x000001827aac0000,0x000001827b2c0000] _byte_map_base: 0x00000182772ba000

Marking Bits (Prev, Next): (CMBitMap*) 0x0000018279cfa208, (CMBitMap*) 0x0000018279cfa240
 Prev Bits: [0x000001827bac0000, 0x000001827fa90000)
 Next Bits: [0x0000018217610000, 0x000001821b5e0000)

Polling page: 0x0000018277c50000

Metaspace:

Usage:
  Non-class:     12.36 MB capacity,    12.21 MB ( 99%) used,   144.41 KB (  1%) free+waste,    14.44 KB ( <1%) overhead. 
      Class:    966.00 KB capacity,   923.09 KB ( 96%) used,    38.03 KB (  4%) free+waste,     4.88 KB ( <1%) overhead. 
       Both:     13.31 MB capacity,    13.11 MB ( 99%) used,   182.44 KB (  1%) free+waste,    19.31 KB ( <1%) overhead. 

Virtual space:
  Non-class space:       14.00 MB reserved,      12.50 MB ( 89%) committed 
      Class space:        1.00 GB reserved,       1.00 MB ( <1%) committed 
             Both:        1.01 GB reserved,      13.50 MB (  1%) committed 

Chunk freelists:
   Non-Class:  76.00 KB
       Class:  26.00 KB
        Both:  102.00 KB

MaxMetaspaceSize: 17179869184.00 GB
CompressedClassSpaceSize: 1.00 GB

CodeHeap 'non-profiled nmethods': size=120000Kb used=602Kb max_used=602Kb free=119397Kb
 bounds [0x00000182100e0000, 0x0000018210350000, 0x0000018217610000]
CodeHeap 'profiled nmethods': size=120000Kb used=2284Kb max_used=2284Kb free=117715Kb
 bounds [0x0000018208bb0000, 0x0000018208e20000, 0x00000182100e0000]
CodeHeap 'non-nmethods': size=5760Kb used=1672Kb max_used=1685Kb free=4088Kb
 bounds [0x0000018208610000, 0x0000018208880000, 0x0000018208bb0000]
 total_blobs=2198 nmethods=1037 adapters=1081
 compilation: enabled
              stopped_count=0, restarted_count=0
 full_count=0

Compilation events (20 events):
Event: 1.024 Thread 0x000001821e733000 nmethod 1030 0x0000018208de2b10 code [0x0000018208de2cc0, 0x0000018208de2e48]
Event: 1.025 Thread 0x000001821e733000 1031       3       sun.nio.ch.Util$BufferCache::offerFirst (73 bytes)
Event: 1.025 Thread 0x000001821e733000 nmethod 1031 0x0000018208de2f10 code [0x0000018208de30e0, 0x0000018208de3438]
Event: 1.025 Thread 0x000001821e733000 1032   !   3       sun.nio.ch.FileChannelImpl::write (266 bytes)
Event: 1.026 Thread 0x000001821e733000 nmethod 1032 0x0000018208de3590 code [0x0000018208de38c0, 0x0000018208de49e8]
Event: 1.026 Thread 0x000001821e733000 1033   !   3       sun.nio.ch.IOUtil::write (174 bytes)
Event: 1.027 Thread 0x000001821e733000 nmethod 1033 0x0000018208de5210 code [0x0000018208de5480, 0x0000018208de5d48]
Event: 1.027 Thread 0x000001821e733000 1034   !   3       java.nio.DirectByteBuffer::put (289 bytes)
Event: 1.027 Thread 0x000001821e733000 nmethod 1034 0x0000018208de6110 code [0x0000018208de6400, 0x0000018208de7498]
Event: 1.027 Thread 0x000001821e733000 1035   !   3       java.nio.DirectByteBuffer::put (151 bytes)
Event: 1.028 Thread 0x000001821e733000 nmethod 1035 0x0000018208de7a90 code [0x0000018208de7dc0, 0x0000018208de8e88]
Event: 1.028 Thread 0x000001821e733000 1036       3       sun.nio.ch.IOUtil::writeFromNativeBuffer (157 bytes)
Event: 1.028 Thread 0x000001821e733000 nmethod 1036 0x0000018208de9710 code [0x0000018208de9960, 0x0000018208dea328]
Event: 1.029 Thread 0x000001821e733000 1037       3       sun.nio.ch.FileDispatcherImpl::write (17 bytes)
Event: 1.029 Thread 0x000001821e733000 nmethod 1037 0x0000018208dea610 code [0x0000018208dea7e0, 0x0000018208dea9a8]
Event: 1.029 Thread 0x000001821e733000 1038       3       java.io.FileDescriptor$1::getAppend (5 bytes)
Event: 1.029 Thread 0x000001821e733000 nmethod 1038 0x0000018208deab10 code [0x0000018208deacc0, 0x0000018208deadd8]
Event: 1.045 Thread 0x000001821e733000 1040       3       java.lang.StringBuilder::append (8 bytes)
Event: 1.045 Thread 0x000001821e733000 nmethod 1040 0x0000018208deae90 code [0x0000018208deb040, 0x0000018208deb188]
Event: 1.049 Thread 0x000001821e73e000 1041       4       java.lang.AbstractStringBuilder::append (45 bytes)

GC Heap History (4 events):
Event: 0.646 GC heap before
{Heap before GC invocations=0 (full 0):
 garbage-first heap   total 262144K, used 23552K [0x0000000700c00000, 0x0000000800000000)
  region size 1024K, 24 young (24576K), 0 survivors (0K)
 Metaspace       used 12425K, capacity 12689K, committed 13056K, reserved 1060864K
  class space    used 860K, capacity 931K, committed 1024K, reserved 1048576K
}
Event: 0.651 GC heap after
{Heap after GC invocations=1 (full 0):
 garbage-first heap   total 262144K, used 8394K [0x0000000700c00000, 0x0000000800000000)
  region size 1024K, 3 young (3072K), 3 survivors (3072K)
 Metaspace       used 12425K, capacity 12689K, committed 13056K, reserved 1060864K
  class space    used 860K, capacity 931K, committed 1024K, reserved 1048576K
}
Event: 0.914 GC heap before
{Heap before GC invocations=1 (full 0):
 garbage-first heap   total 262144K, used 163018K [0x0000000700c00000, 0x0000000800000000)
  region size 1024K, 153 young (156672K), 3 survivors (3072K)
 Metaspace       used 12659K, capacity 12885K, committed 13056K, reserved 1060864K
  class space    used 869K, capacity 932K, committed 1024K, reserved 1048576K
}
Event: 0.921 GC heap after
{Heap after GC invocations=2 (full 0):
 garbage-first heap   total 262144K, used 19460K [0x0000000700c00000, 0x0000000800000000)
  region size 1024K, 13 young (13312K), 13 survivors (13312K)
 Metaspace       used 12659K, capacity 12885K, committed 13056K, reserved 1060864K
  class space    used 869K, capacity 932K, committed 1024K, reserved 1048576K
}

Deoptimization events (20 events):
Event: 0.795 Thread 0x0000018279c92800 Uncommon trap: trap_request=0xffffff4d fr.pc=0x00000182101473c8 relative=0x0000000000001fc8
Event: 0.795 Thread 0x0000018279c92800 Uncommon trap: reason=unstable_if action=reinterpret pc=0x00000182101473c8 method=jdk.internal.math.FloatingDecimal$ASCIIToBinaryBuffer.floatValue()F @ 70 c2
Event: 0.795 Thread 0x0000018279c92800 DEOPT PACKING pc=0x00000182101473c8 sp=0x00000072db2feda0
Event: 0.795 Thread 0x0000018279c92800 DEOPT UNPACKING pc=0x000001820864c62f sp=0x00000072db2fed28 mode 2
Event: 0.848 Thread 0x0000018279c92800 Uncommon trap: trap_request=0xffffff4d fr.pc=0x000001821014c444 relative=0x00000000000002c4
Event: 0.848 Thread 0x0000018279c92800 Uncommon trap: reason=unstable_if action=reinterpret pc=0x000001821014c444 method=java.lang.String.split(Ljava/lang/String;I)[Ljava/lang/String; @ 7 c2
Event: 0.848 Thread 0x0000018279c92800 DEOPT PACKING pc=0x000001821014c444 sp=0x00000072db2feb50
Event: 0.848 Thread 0x0000018279c92800 DEOPT UNPACKING pc=0x000001820864c62f sp=0x00000072db2feaa0 mode 2
Event: 0.848 Thread 0x0000018279c92800 Uncommon trap: trap_request=0xffffff4d fr.pc=0x0000018210150068 relative=0x0000000000002868
Event: 0.848 Thread 0x0000018279c92800 Uncommon trap: reason=unstable_if action=reinterpret pc=0x0000018210150068 method=java.lang.String.split(Ljava/lang/String;I)[Ljava/lang/String; @ 7 c2
Event: 0.848 Thread 0x0000018279c92800 DEOPT PACKING pc=0x0000018210150068 sp=0x00000072db2fea60
Event: 0.848 Thread 0x0000018279c92800 DEOPT UNPACKING pc=0x000001820864c62f sp=0x00000072db2feaa0 mode 2
Event: 0.995 Thread 0x0000018279c92800 Uncommon trap: trap_request=0xffffff4d fr.pc=0x0000018210170804 relative=0x00000000000023a4
Event: 0.995 Thread 0x0000018279c92800 Uncommon trap: reason=unstable_if action=reinterpret pc=0x0000018210170804 method=com.yellow.engine.handlers.MeshHandler.reorderLists(Ljava/util/List;Ljava/util/List;Ljava/util/List;Ljava/util/List;)Lcom/yellow/engine/rendering/Mesh; @ 205 c2
Event: 0.995 Thread 0x0000018279c92800 DEOPT PACKING pc=0x0000018210170804 sp=0x00000072db2feb80
Event: 0.995 Thread 0x0000018279c92800 DEOPT UNPACKING pc=0x000001820864c62f sp=0x00000072db2fec00 mode 2
Event: 1.005 Thread 0x0000018279c92800 DEOPT PACKING pc=0x0000018208c8adc1 sp=0x00000072db2fea30
Event: 1.005 Thread 0x0000018279c92800 DEOPT UNPACKING pc=0x000001820864c44e sp=0x00000072db2fdf28 mode 1
Event: 1.005 Thread 0x0000018279c92800 DEOPT PACKING pc=0x0000018208dbb34c sp=0x00000072db2fed10
Event: 1.005 Thread 0x0000018279c92800 DEOPT UNPACKING pc=0x000001820864c44e sp=0x00000072db2fe3a0 mode 1

Classes redefined (0 events):
No events

Internal exceptions (12 events):
Event: 0.143 Thread 0x0000018279c92800 Exception <a 'java/lang/NoSuchMethodError'{0x0000000710828720}: 'void java.lang.invoke.DelegatingMethodHandle$Holder.delegate(java.lang.Object, java.lang.Object, int, java.lang.Object)'> (0x0000000710828720) thrown at [./src/hotspot/share/interpreter/linkResolver.cpp, line 773]
Event: 0.144 Thread 0x0000018279c92800 Exception <a 'java/lang/NoSuchMethodError'{0x000000071082fd20}: 'java.lang.Object java.lang.invoke.DirectMethodHandle$Holder.invokeStaticInit(java.lang.Object, java.lang.Object, java.lang.Object)'> (0x000000071082fd20) thrown at [./src/hotspot/share/interpreter/linkResolver.cpp, line 773]
Event: 0.173 Thread 0x0000018279c92800 Exception <a 'sun/nio/fs/WindowsException'{0x0000000710735ca0}> (0x0000000710735ca0) thrown at [./src/hotspot/share/prims/jni.cpp, line 615]
Event: 0.173 Thread 0x0000018279c92800 Exception <a 'sun/nio/fs/WindowsException'{0x0000000710736200}> (0x0000000710736200) thrown at [./src/hotspot/share/prims/jni.cpp, line 615]
Event: 0.210 Thread 0x0000018279c92800 Exception <a 'sun/nio/fs/WindowsException'{0x0000000710514fd8}> (0x0000000710514fd8) thrown at [./src/hotspot/share/prims/jni.cpp, line 615]
Event: 0.210 Thread 0x0000018279c92800 Exception <a 'sun/nio/fs/WindowsException'{0x0000000710515358}> (0x0000000710515358) thrown at [./src/hotspot/share/prims/jni.cpp, line 615]
Event: 0.443 Thread 0x0000018279c92800 Exception <a 'sun/nio/fs/WindowsException'{0x00000007105ca678}> (0x00000007105ca678) thrown at [./src/hotspot/share/prims/jni.cpp, line 615]
Event: 0.443 Thread 0x0000018279c92800 Exception <a 'sun/nio/fs/WindowsException'{0x00000007105caa30}> (0x00000007105caa30) thrown at [./src/hotspot/share/prims/jni.cpp, line 615]
Event: 0.445 Thread 0x0000018279c92800 Exception <a 'sun/nio/fs/WindowsException'{0x00000007105e90a8}> (0x00000007105e90a8) thrown at [./src/hotspot/share/prims/jni.cpp, line 615]
Event: 0.446 Thread 0x0000018279c92800 Exception <a 'sun/nio/fs/WindowsException'{0x00000007105e9398}> (0x00000007105e9398) thrown at [./src/hotspot/share/prims/jni.cpp, line 615]
Event: 0.611 Thread 0x0000018279c92800 Exception <a 'java/lang/NoSuchMethodError'{0x000000070fa22998}: 'int java.lang.invoke.DirectMethodHandle$Holder.invokeSpecialIFC(java.lang.Object, java.lang.Object, int)'> (0x000000070fa22998) thrown at [./src/hotspot/share/interpreter/linkResolver.cpp, line 773]
Event: 1.010 Thread 0x0000018279c92800 Exception <a 'sun/nio/fs/WindowsException'{0x000000070b244410}> (0x000000070b244410) thrown at [./src/hotspot/share/prims/jni.cpp, line 615]

Events (20 events):
Event: 1.048 loading class imgui/callback/ImStrSupplier
Event: 1.048 loading class imgui/callback/ImStrSupplier done
Event: 1.048 loading class imgui/callback/ImPlatformFuncViewport
Event: 1.048 loading class imgui/callback/ImPlatformFuncViewport done
Event: 1.048 loading class imgui/callback/ImPlatformFuncViewportFloat
Event: 1.048 loading class imgui/callback/ImPlatformFuncViewportFloat done
Event: 1.049 loading class imgui/callback/ImPlatformFuncViewportImVec2
Event: 1.049 loading class imgui/callback/ImPlatformFuncViewportImVec2 done
Event: 1.049 loading class imgui/callback/ImPlatformFuncViewportString
Event: 1.049 loading class imgui/callback/ImPlatformFuncViewportString done
Event: 1.049 loading class imgui/callback/ImPlatformFuncViewportSuppImVec2
Event: 1.049 loading class imgui/callback/ImPlatformFuncViewportSuppImVec2 done
Event: 1.049 loading class imgui/callback/ImPlatformFuncViewportSuppBoolean
Event: 1.049 loading class imgui/callback/ImPlatformFuncViewportSuppBoolean done
Event: 1.049 loading class imgui/callback/ImPlatformFuncViewportSuppFloat
Event: 1.049 loading class imgui/callback/ImPlatformFuncViewportSuppFloat done
Event: 1.049 loading class imgui/type/ImString$InputData
Event: 1.049 loading class imgui/type/ImString$InputData done
Event: 1.049 loading class imgui/type/ImString
Event: 1.049 loading class imgui/type/ImString done


Dynamic libraries:
0x00007ff7666b0000 - 0x00007ff7666bd000 	C:\Program Files\AdoptOpenJDK\jdk-11.0.10.9-hotspot\bin\java.exe
0x00007ffc1a570000 - 0x00007ffc1a765000 	C:\WINDOWS\SYSTEM32\ntdll.dll
0x00007ffc1a470000 - 0x00007ffc1a52d000 	C:\WINDOWS\System32\KERNEL32.DLL
0x00007ffc180a0000 - 0x00007ffc18369000 	C:\WINDOWS\System32\KERNELBASE.dll
0x00007ffc17ea0000 - 0x00007ffc17fa0000 	C:\WINDOWS\System32\ucrtbase.dll
0x00007ffc10340000 - 0x00007ffc10355000 	C:\Program Files\AdoptOpenJDK\jdk-11.0.10.9-hotspot\bin\VCRUNTIME140.dll
0x00007ffc10290000 - 0x00007ffc102a7000 	C:\Program Files\AdoptOpenJDK\jdk-11.0.10.9-hotspot\bin\jli.dll
0x00007ffc1a220000 - 0x00007ffc1a3c0000 	C:\WINDOWS\System32\USER32.dll
0x00007ffc005d0000 - 0x00007ffc0086a000 	C:\WINDOWS\WinSxS\amd64_microsoft.windows.common-controls_6595b64144ccf1df_6.0.19041.1110_none_60b5254171f9507e\COMCTL32.dll
0x00007ffc18420000 - 0x00007ffc18442000 	C:\WINDOWS\System32\win32u.dll
0x00007ffc19e50000 - 0x00007ffc19eee000 	C:\WINDOWS\System32\msvcrt.dll
0x00007ffc19130000 - 0x00007ffc1915a000 	C:\WINDOWS\System32\GDI32.dll
0x00007ffc18450000 - 0x00007ffc1855b000 	C:\WINDOWS\System32\gdi32full.dll
0x00007ffc18000000 - 0x00007ffc1809d000 	C:\WINDOWS\System32\msvcp_win.dll
0x00007ffc19f70000 - 0x00007ffc19fa0000 	C:\WINDOWS\System32\IMM32.DLL
0x00007ffc09880000 - 0x00007ffc0991b000 	C:\Program Files\AdoptOpenJDK\jdk-11.0.10.9-hotspot\bin\msvcp140.dll
0x00007ffbe3b80000 - 0x00007ffbe46c3000 	C:\Program Files\AdoptOpenJDK\jdk-11.0.10.9-hotspot\bin\server\jvm.dll
0x00007ffc1a3c0000 - 0x00007ffc1a46c000 	C:\WINDOWS\System32\ADVAPI32.dll
0x00007ffc19fa0000 - 0x00007ffc1a03b000 	C:\WINDOWS\System32\sechost.dll
0x00007ffc18a00000 - 0x00007ffc18b2a000 	C:\WINDOWS\System32\RPCRT4.dll
0x00007ffc18bd0000 - 0x00007ffc18bd8000 	C:\WINDOWS\System32\PSAPI.DLL
0x00007ffc0e5c0000 - 0x00007ffc0e5c9000 	C:\WINDOWS\SYSTEM32\WSOCK32.dll
0x00007ffc0bb70000 - 0x00007ffc0bb97000 	C:\WINDOWS\SYSTEM32\WINMM.dll
0x00007ffc19230000 - 0x00007ffc1929b000 	C:\WINDOWS\System32\WS2_32.dll
0x00007ffc11580000 - 0x00007ffc1158a000 	C:\WINDOWS\SYSTEM32\VERSION.dll
0x00007ffc15bc0000 - 0x00007ffc15bd2000 	C:\WINDOWS\SYSTEM32\kernel.appcore.dll
0x00007ffc0e5b0000 - 0x00007ffc0e5c0000 	C:\Program Files\AdoptOpenJDK\jdk-11.0.10.9-hotspot\bin\verify.dll
0x00007ffc00980000 - 0x00007ffc00b64000 	C:\WINDOWS\SYSTEM32\DBGHELP.DLL
0x00007ffc00870000 - 0x00007ffc0089c000 	C:\WINDOWS\SYSTEM32\dbgcore.DLL
0x00007ffc17cb0000 - 0x00007ffc17d33000 	C:\WINDOWS\System32\bcryptPrimitives.dll
0x00007ffc0e580000 - 0x00007ffc0e5a8000 	C:\Program Files\AdoptOpenJDK\jdk-11.0.10.9-hotspot\bin\java.dll
0x00007ffc0e160000 - 0x00007ffc0e16a000 	C:\Program Files\AdoptOpenJDK\jdk-11.0.10.9-hotspot\bin\jimage.dll
0x00007ffc0dd30000 - 0x00007ffc0dd68000 	C:\Program Files\AdoptOpenJDK\jdk-11.0.10.9-hotspot\bin\jdwp.dll
0x00007ffc0de60000 - 0x00007ffc0de77000 	C:\Program Files\AdoptOpenJDK\jdk-11.0.10.9-hotspot\bin\zip.dll
0x00007ffc19710000 - 0x00007ffc19e4f000 	C:\WINDOWS\System32\SHELL32.dll
0x00007ffc15dc0000 - 0x00007ffc16551000 	C:\WINDOWS\SYSTEM32\windows.storage.dll
0x00007ffc18dd0000 - 0x00007ffc19125000 	C:\WINDOWS\System32\combase.dll
0x00007ffc175d0000 - 0x00007ffc175fc000 	C:\WINDOWS\SYSTEM32\Wldp.dll
0x00007ffc18d20000 - 0x00007ffc18dce000 	C:\WINDOWS\System32\SHCORE.dll
0x00007ffc1a050000 - 0x00007ffc1a0a5000 	C:\WINDOWS\System32\shlwapi.dll
0x00007ffc17bf0000 - 0x00007ffc17c0f000 	C:\WINDOWS\SYSTEM32\profapi.dll
0x00007ffc097f0000 - 0x00007ffc097fa000 	C:\Program Files\AdoptOpenJDK\jdk-11.0.10.9-hotspot\bin\dt_socket.dll
0x00007ffc17350000 - 0x00007ffc173ba000 	C:\WINDOWS\System32\mswsock.dll
0x00007ffc170a0000 - 0x00007ffc1716c000 	C:\WINDOWS\SYSTEM32\DNSAPI.dll
0x00007ffc17060000 - 0x00007ffc1709b000 	C:\WINDOWS\SYSTEM32\IPHLPAPI.DLL
0x00007ffc1a040000 - 0x00007ffc1a048000 	C:\WINDOWS\System32\NSI.dll
0x00007ffc0c7b0000 - 0x00007ffc0c82f000 	C:\WINDOWS\System32\fwpuclnt.dll
0x00007ffc185b0000 - 0x00007ffc185d7000 	C:\WINDOWS\System32\bcrypt.dll
0x00007ffc0aa00000 - 0x00007ffc0aa0a000 	C:\Windows\System32\rasadhlp.dll
0x00007ffc0de40000 - 0x00007ffc0de59000 	C:\Program Files\AdoptOpenJDK\jdk-11.0.10.9-hotspot\bin\net.dll
0x00007ffc06f40000 - 0x00007ffc0704a000 	C:\WINDOWS\SYSTEM32\WINHTTP.dll
0x00007ffc0de20000 - 0x00007ffc0de32000 	C:\Program Files\AdoptOpenJDK\jdk-11.0.10.9-hotspot\bin\nio.dll
0x00007ffbf6b30000 - 0x00007ffbf6b94000 	C:\Users\Nicola\AppData\Local\Temp\lwjglNicola\3.2.3-build-13\lwjgl.dll
0x00007ffbf3a50000 - 0x00007ffbf3ab2000 	C:\Users\Nicola\AppData\Local\Temp\lwjglNicola\3.2.3-build-13\glfw.dll
0x00007ffc156e0000 - 0x00007ffc1577e000 	C:\WINDOWS\system32\uxtheme.dll
0x00007ffbf3960000 - 0x00007ffbf39a5000 	C:\WINDOWS\SYSTEM32\dinput8.dll
0x00007ffc09010000 - 0x00007ffc09021000 	C:\WINDOWS\SYSTEM32\xinput1_4.dll
0x00007ffc18560000 - 0x00007ffc185ae000 	C:\WINDOWS\System32\cfgmgr32.dll
0x00007ffc17a60000 - 0x00007ffc17a8c000 	C:\WINDOWS\SYSTEM32\DEVOBJ.dll
0x00007ffc159e0000 - 0x00007ffc15a0f000 	C:\WINDOWS\SYSTEM32\dwmapi.dll
0x00007ffc09920000 - 0x00007ffc09a72000 	C:\WINDOWS\SYSTEM32\inputhost.dll
0x00007ffc19160000 - 0x00007ffc1922d000 	C:\WINDOWS\System32\OLEAUT32.dll
0x00007ffc15210000 - 0x00007ffc15302000 	C:\WINDOWS\SYSTEM32\CoreMessaging.dll
0x00007ffc147e0000 - 0x00007ffc14934000 	C:\WINDOWS\SYSTEM32\wintypes.dll
0x00007ffc135d0000 - 0x00007ffc136c6000 	C:\WINDOWS\SYSTEM32\PROPSYS.dll
0x00007ffc14eb0000 - 0x00007ffc1520e000 	C:\WINDOWS\SYSTEM32\CoreUIComponents.dll
0x00007ffc169e0000 - 0x00007ffc16a13000 	C:\WINDOWS\SYSTEM32\ntmarta.dll
0x00007ffc18730000 - 0x00007ffc18845000 	C:\WINDOWS\System32\MSCTF.dll
0x00007ffc16560000 - 0x00007ffc1656d000 	C:\WINDOWS\SYSTEM32\HID.DLL
0x00007ffc192a0000 - 0x00007ffc19709000 	C:\WINDOWS\System32\SETUPAPI.DLL
0x00007ffc17fa0000 - 0x00007ffc18000000 	C:\WINDOWS\System32\WINTRUST.dll
0x00007ffc17d40000 - 0x00007ffc17e9f000 	C:\WINDOWS\System32\CRYPT32.dll
0x00007ffc178a0000 - 0x00007ffc178b2000 	C:\WINDOWS\SYSTEM32\MSASN1.dll
0x00007ffbe4940000 - 0x00007ffbe4a65000 	C:\WINDOWS\SYSTEM32\opengl32.dll
0x00007ffbf61b0000 - 0x00007ffbf61dc000 	C:\WINDOWS\SYSTEM32\GLU32.dll
0x00007ffc1a110000 - 0x00007ffc1a1b9000 	C:\WINDOWS\System32\clbcatq.dll
0x00007ffbdcd00000 - 0x00007ffbdf817000 	C:\WINDOWS\System32\DriverStore\FileRepository\nv_dispi.inf_amd64_5d5c294bb8d17217\nvoglv64.dll
0x00007ffc185e0000 - 0x00007ffc1870a000 	C:\WINDOWS\System32\ole32.dll
0x00007ffc139f0000 - 0x00007ffc13a04000 	C:\WINDOWS\SYSTEM32\WTSAPI32.dll
0x00007ffc11540000 - 0x00007ffc11571000 	C:\WINDOWS\SYSTEM32\cryptnet.dll
0x00007ffc0e7a0000 - 0x00007ffc0e8ea000 	C:\WINDOWS\SYSTEM32\drvstore.dll
0x00007ffc174d0000 - 0x00007ffc174dc000 	C:\WINDOWS\SYSTEM32\cryptbase.dll
0x00007ffc12f70000 - 0x00007ffc12fab000 	C:\WINDOWS\SYSTEM32\dxcore.dll
0x00007ffc17670000 - 0x00007ffc176bb000 	C:\WINDOWS\SYSTEM32\powrprof.dll
0x00007ffc17650000 - 0x00007ffc17662000 	C:\WINDOWS\SYSTEM32\UMPDC.dll
0x00007ffc17570000 - 0x00007ffc175ca000 	C:\WINDOWS\SYSTEM32\WINSTA.dll
0x00007ffc09c00000 - 0x00007ffc09cf9000 	C:\WINDOWS\SYSTEM32\textinputframework.dll
0x00007ffbf2f30000 - 0x00007ffbf2f89000 	C:\Users\Nicola\AppData\Local\Temp\lwjglNicola\3.2.3-build-13\lwjgl_opengl.dll
0x0000000064a00000 - 0x00000000656ed000 	C:\Users\Nicola\AppData\Local\Temp\imgui-java-natives_1628083155389\imgui-java64.dll

dbghelp: loaded successfully - version: 4.0.5 - missing functions: none
symbol engine: initialized successfully - sym options: 0x614 - pdb path: .;C:\Program Files\AdoptOpenJDK\jdk-11.0.10.9-hotspot\bin;C:\WINDOWS\SYSTEM32;C:\WINDOWS\WinSxS\amd64_microsoft.windows.common-controls_6595b64144ccf1df_6.0.19041.1110_none_60b5254171f9507e;C:\Program Files\AdoptOpenJDK\jdk-11.0.10.9-hotspot\bin\server;C:\Users\Nicola\AppData\Local\Temp\lwjglNicola\3.2.3-build-13;C:\WINDOWS\System32\DriverStore\FileRepository\nv_dispi.inf_amd64_5d5c294bb8d17217;C:\Users\Nicola\AppData\Local\Temp\imgui-java-natives_1628083155389

VM Arguments:
jvm_args: -agentlib:jdwp=transport=dt_socket,server=n,suspend=y,address=localhost:33356 -Dfile.encoding=UTF-8 
java_command: com.yellow.game.Main
java_class_path (initial): D:\Workspace\Java\LWJGL\yellow\target\classes;C:\Users\Nicola\.m2\repository\org\lwjgl\lwjgl\3.2.3\lwjgl-3.2.3.jar;C:\Users\Nicola\.m2\repository\org\lwjgl\lwjgl-assimp\3.2.3\lwjgl-assimp-3.2.3.jar;C:\Users\Nicola\.m2\repository\org\lwjgl\lwjgl-bgfx\3.2.3\lwjgl-bgfx-3.2.3.jar;C:\Users\Nicola\.m2\repository\org\lwjgl\lwjgl-glfw\3.2.3\lwjgl-glfw-3.2.3.jar;C:\Users\Nicola\.m2\repository\org\lwjgl\lwjgl-nanovg\3.2.3\lwjgl-nanovg-3.2.3.jar;C:\Users\Nicola\.m2\repository\org\lwjgl\lwjgl-nuklear\3.2.3\lwjgl-nuklear-3.2.3.jar;C:\Users\Nicola\.m2\repository\org\lwjgl\lwjgl-openal\3.2.3\lwjgl-openal-3.2.3.jar;C:\Users\Nicola\.m2\repository\org\lwjgl\lwjgl-opengl\3.2.3\lwjgl-opengl-3.2.3.jar;C:\Users\Nicola\.m2\repository\org\lwjgl\lwjgl-par\3.2.3\lwjgl-par-3.2.3.jar;C:\Users\Nicola\.m2\repository\org\lwjgl\lwjgl-stb\3.2.3\lwjgl-stb-3.2.3.jar;C:\Users\Nicola\.m2\repository\org\lwjgl\lwjgl-vulkan\3.2.3\lwjgl-vulkan-3.2.3.jar;C:\Users\Nicola\.m2\repository\org\lwjgl\lwjgl\3.2.3\lwjgl-3.2.3-natives-windows.jar;C:\Users\Nicola\.m2\repository\org\lwjgl\lwjgl-assimp\3.2.3\lwjgl-assimp-3.2.3-natives-windows.jar;C:\Users\Nicola\.m2\repository\org\lwjgl\lwjgl-bgfx\3.2.3\lwjgl-bgfx-3.2.3-natives-windows.jar;C:\Users\Nicola\.m2\repository\org\lwjgl\lwjgl-glfw\3.2.3\lwjgl-glfw-3.2.3-natives-windows.jar;C:\Users\Nicola\.m2\repository\org\lwjgl\lwjgl-nanovg\3.2.3\lwjgl-nanovg-3.2.3-natives-windows.jar;C:\Users\Nicola\.m2\repository\org\lwjgl\lwjgl-nuklear\3.2.3\lwjgl-nuklear-3.2.3-natives-windows.jar;C:\Users\Nicola\.m2\repository\org\lwjgl\lwjgl-openal\3.2.3\lwjgl-openal-3.2.3-natives-windows.jar;C:\Users\Nicola\.m2\repository\org\lwjgl\lwjgl-opengl\3.2.3\lwjgl-opengl-3.2.3-natives-windows.jar;C:\Users\Nicola\.m2\repository\org\lwjgl\lwjgl-par\3.2.3\lwjgl-par-3.2.3-natives-windows.jar;C:\Users\Nicola\.m2\repository\org\lwjgl\lwjgl-stb\3.2.3\lwjgl-stb-3.2.3-natives-windows.jar;C:\Users\Nicola\.m2\repository\org\joml\joml\1.10.1\joml-1.10.1.jar;C:\Users\Nicola\.m
Launcher Type: SUN_STANDARD

[Global flags]
     intx CICompilerCount                          = 4                                         {product} {ergonomic}
     uint ConcGCThreads                            = 3                                         {product} {ergonomic}
     uint G1ConcRefinementThreads                  = 10                                        {product} {ergonomic}
   size_t G1HeapRegionSize                         = 1048576                                   {product} {ergonomic}
    uintx GCDrainStackTargetSize                   = 64                                        {product} {ergonomic}
   size_t InitialHeapSize                          = 268435456                                 {product} {ergonomic}
   size_t MarkStackSize                            = 4194304                                   {product} {ergonomic}
   size_t MaxHeapSize                              = 4282384384                                {product} {ergonomic}
   size_t MaxNewSize                               = 2569011200                                {product} {ergonomic}
   size_t MinHeapDeltaBytes                        = 1048576                                   {product} {ergonomic}
    uintx NonNMethodCodeHeapSize                   = 5836300                                {pd product} {ergonomic}
    uintx NonProfiledCodeHeapSize                  = 122910970                              {pd product} {ergonomic}
    uintx ProfiledCodeHeapSize                     = 122910970                              {pd product} {ergonomic}
    uintx ReservedCodeCacheSize                    = 251658240                              {pd product} {ergonomic}
     bool SegmentedCodeCache                       = true                                      {product} {ergonomic}
     bool UseCompressedClassPointers               = true                                 {lp64_product} {ergonomic}
     bool UseCompressedOops                        = true                                 {lp64_product} {ergonomic}
     bool UseG1GC                                  = true                                      {product} {ergonomic}
     bool UseLargePagesIndividualAllocation        = false                                  {pd product} {ergonomic}

Logging:
Log output configuration:
 #0: stdout all=warning uptime,level,tags
 #1: stderr all=off uptime,level,tags

Environment Variables:
JAVA_HOME=C:\Program Files\AdoptOpenJDK\jdk-11.0.10.9-hotspot\
PATH=C:\Program Files\AdoptOpenJDK\jdk-16.0.1.9-hotspot\bin;C:\Program Files\AdoptOpenJDK\jdk-11.0.10.9-hotspot\bin;C:\ProgramData\Oracle\Java\javapath;C:\Program Files\Common Files\Oracle\Java\javapath;C:\Program Files\Python37\Scripts\;C:\Program Files\Python37\;C:\Program Files (x86)\Python38-32\Scripts\;C:\Program Files (x86)\Python38-32\;C:\Program Files (x86)\Common Files\Oracle\Java\javapath;C:\Python38\Scripts\;C:\Python38\;C:\Windows\system32;C:\Windows;C:\Windows\System32\Wbem;C:\Windows\System32\WindowsPowerShell\v1.0\;C:\Windows\System32\OpenSSH\;C:\Program Files (x86)\NVIDIA Corporation\PhysX\Common;C:\Program Files (x86)\Windows Kits\10\Windows Performance Toolkit\;C:\Gradle\gradle-6.6\bin;C:\Maven\apache-maven-3.6.3\bin;C:\Program Files\dotnet\;C:\Program Files\Microsoft SQL Server\130\Tools\Binn\;C:\Program Files\Microsoft SQL Server\Client SDK\ODBC\170\Tools\Binn\;C:\Program Files\ChromeDriver\;C:\Users\Nicola\AppData\Local\Programs\Python\Python39\Scripts\;C:\Users\Nicola\AppData\Local\Programs\Python\Python39\;C:\Program Files\GeneratorFabricMod\bin;C:\HaxeToolkit\haxe;C:\HaxeToolkit\neko;C:\Program Files\mingw-w64\x86_64-8.1.0-posix-seh-rt_v6-rev0\mingw64\bin;C:\HaxeToolkit\haxe;C:\HaxeToolkit\neko;C:\Program Files\LOVE;C:\Program Files\nodejs\;C:\vcpkg;C:\Program Files\CMake\bin;C:\Program Files\Lua;C:\Program Files\Git\cmd;C:\Program Files\PuTTY\;C:\Program Files\LuaRocks;;C:\WINDOWS\system32;C:\WINDOWS;C:\WINDOWS\System32\Wbem;C:\WINDOWS\System32\WindowsPowerShell\v1.0\;C:\WINDOWS\System32\OpenSSH\;C:\Yarn\bin\;C:\Ruby27-x64\bin;C:\Program Files\Common Files\Oracle\Java\javapath;C:\Program Files\Python37\Scripts\;C:\Program Files\Python37\;C:\Program Files (x86)\Python38-32\Scripts\;C:\Program Files (x86)\Python38-32\;C:\Program Files (x86)\Common Files\Oracle\Java\javapath;C:\Python38\Scripts\;C:\Python38\;C:\Windows\system32;C:\Windows;C:\Windows\System32\Wbem;C:\Windows\System32\WindowsPowerShell\v1.0\;C:\Windows\System32\OpenSSH\;C:\Program F
USERNAME=Nicola
LANG=en_US.UTF-8
OS=Windows_NT
PROCESSOR_IDENTIFIER=AMD64 Family 23 Model 113 Stepping 0, AuthenticAMD



---------------  S Y S T E M  ---------------

OS: Windows 10 , 64 bit Build 19041 (10.0.19041.1023)
OS uptime: 0 days 19:29 hours
Hyper-V role detected

CPU:total 12 (initial active 12) (12 cores per cpu, 2 threads per core) family 23 model 113 stepping 0 microcode 0x0, cmov, cx8, fxsr, mmx, sse, sse2, sse3, ssse3, sse4.1, sse4.2, popcnt, avx, avx2, aes, clmul, mmxext, 3dnowpref, lzcnt, sse4a, ht, tsc, tscinvbit, tscinv, bmi1, bmi2, adx,

Memory: 4k page, system-wide physical 16333M (10171M free)
TotalPageFile size 18765M (AvailPageFile size 9996M)
current process WorkingSet (physical memory assigned to process): 288M, peak: 288M
current process commit charge ("private bytes"): 432M, peak: 432M

vm_info: OpenJDK 64-Bit Server VM (11.0.10+9) for windows-amd64 JRE (11.0.10+9), built on Jan 20 2021 06:07:07 by "" with MS VC++ 15.9 (VS2017)

END.
